1.8.2022, 22:32:58 - INFO - Server is running on port: 3030 
1.8.2022, 22:33:42 - ERROR - Failed to add order | {} (sid: JHDTRbKiU6M2WBhiYn5rKhvBFQJSsNbS)
1.8.2022, 22:34:31 - ERROR - Failed to add order | {} (sid: ahU1YO3KjB9xD34y1Pi0xKfd61FYcYV2)
1.8.2022, 22:37:00 - DEBUG - Emiting to user socket: 62e0e9e2dd13b00af4e80285 (sid: _5lNE3DrW4r-FXV8ZKIw99dm9w3kIeKc)
1.8.2022, 22:37:16 - DEBUG - Emiting to user socket: undefined (sid: o5iUsUmCwt7BDntnbAXiZWlbmpDnBhfn)
1.8.2022, 22:37:23 - DEBUG - Emiting to user socket: undefined (sid: P8OjxDBhholP7Ry0NnxJbknEs-Odvjt2)
1.8.2022, 22:45:17 - DEBUG - Emiting to user socket: 62e0e9e2dd13b00af4e80285 (sid: 6pkiXkNCWBL1wPcKVP9utMW70Jlbs179)
1.8.2022, 22:45:19 - DEBUG - Emiting to user socket: 62e0ea13dd13b00af4e80287 (sid: iu2_01srVgnvd0Fe2vK0vkaa5VnLnMOz)
1.8.2022, 22:47:14 - DEBUG - Emiting to user socket: 62e0e9e2dd13b00af4e80285 (sid: SeVqO3tIA_IdXHXCtNrq4mDXciYA1n5w)
1.8.2022, 22:47:16 - DEBUG - Emiting to user socket: 62e0ea13dd13b00af4e80287 (sid: ONMG6zoqAKleoZYD13v5oqCzRYnsGOnn)
1.8.2022, 22:47:17 - DEBUG - Emiting to user socket: 62e0ea13dd13b00af4e80287 (sid: arHWGWvuz7MK4FaAudqfi9pmNDxXAzUr)
1.8.2022, 22:48:08 - ERROR - Failed to add order | {} (sid: -46G3HubqO7_PV0LOoXFdhlPjbqZvBAa)
1.8.2022, 22:52:52 - ERROR - Failed to add order | {} (sid: 82ruEVjZh4k_R07izKeWuv1IqowloBW_)
1.8.2022, 23:06:45 - ERROR - Failed to add order | {} (sid: NGZ39-ECg74HsFrbFt_2dmcu8aUQSlnJ)
2.8.2022, 0:58:18 - DEBUG - Emiting to user socket: 62e5332edd13b00af4e802da (sid: Cg8pJx_w70way_twIAKOLIpxLcYGJURz)
2.8.2022, 0:58:20 - DEBUG - Emiting to user socket: 62e5332edd13b00af4e802da (sid: ba-4BTNVxSTko6421bTIlFczhyvXpdfI)
2.8.2022, 1:01:52 - DEBUG - Emiting to user socket: 62e5332edd13b00af4e802da (sid: Y9Ld8KQTKAMYHMlm70GsLcSElElw7qgJ)
2.8.2022, 1:02:04 - DEBUG - Emiting to user socket: 62e5339ddd13b00af4e802dc (sid: CwlD5Tg-SaDDeAFb_BvGCKSVZHHUWmgj)
2.8.2022, 1:05:28 - DEBUG - Emiting to user socket: 62e5332edd13b00af4e802da (sid: gaeIBz7mCGYjEIuR6ycfEPP6ON0vKTdZ)
2.8.2022, 1:08:40 - DEBUG - Emiting to user socket: 62e5332edd13b00af4e802da (sid: B5KtS_ocT3bGIe3D-OoQ5ETKp--wepZs)
2.8.2022, 1:08:43 - DEBUG - Emiting to user socket: 62e5339ddd13b00af4e802dc (sid: AnvUNfU0_0EM9_K3RQyR__hxqyJ-dMwp)
2.8.2022, 1:09:56 - DEBUG - Emiting to user socket: 62e5332edd13b00af4e802da (sid: QXTnWyp9ph8VLo-QYm_ghH-2h7EQHO2x)
2.8.2022, 1:10:02 - DEBUG - Emiting to user socket: 62e5332edd13b00af4e802da (sid: UQPotBLFZNtL9U8q8h3bcjYHSQ6KLrsj)
2.8.2022, 1:19:55 - ERROR - Failed to add order | {} (sid: el37_NVQy7Tx72pRucS0rDuW0MXe21XY)
2.8.2022, 1:20:18 - ERROR - Failed to add order | {} (sid: d1Oy452082DEdkfJ1WpxP0T_9MqNHA9f)
2.8.2022, 1:24:20 - DEBUG - Emiting to user socket: 62e5332edd13b00af4e802da (sid: Hr1A0uyBVra1Q_ErIcE3C7vgNnTDIbpt)
2.8.2022, 1:24:23 - DEBUG - Emiting to user socket: 62e5339ddd13b00af4e802dc (sid: u84JpvviPAyS9u-9XDKfJ1gIWRzMt5sl)
2.8.2022, 1:27:50 - DEBUG - Emiting to user socket: 62e5332edd13b00af4e802da (sid: SBrVmcA6S11R8V1k5fpn4xXZw84ixhKc)
2.8.2022, 1:30:43 - DEBUG - Emiting to user socket: 62e5332edd13b00af4e802da (sid: YdDLFAQ_e3OvqtL9mIhWgiFYWHxbVM97)
2.8.2022, 1:30:43 - DEBUG - Emiting to user socket: 62e5332edd13b00af4e802da (sid: FXbN2-nYFYJQ9OFw5Ui5P8LBO0FQAlYL)
2.8.2022, 1:33:10 - ERROR - Failed to add order | {} (sid: u0Dto2ENi72WlS4-lfYbq5sElcglMA_-)
2.8.2022, 1:35:09 - DEBUG - Emiting to user socket: 62e0ea13dd13b00af4e80287 (sid: qLVwdjf5_uvtHwTJoVnWPB5Kxmc-VvNU)
2.8.2022, 1:45:52 - DEBUG - Emiting to user socket: 62e5332edd13b00af4e802da (sid: blbYsKVd_B4uqqdbo2_hhXtLkPlwKtde)
2.8.2022, 1:45:54 - DEBUG - Emiting to user socket: 62e5332edd13b00af4e802da (sid: StsWIhSL_YIsI8T9X-TZ3cD5jqZY9i7r)
2.8.2022, 1:45:56 - DEBUG - Emiting to user socket: 62e5332edd13b00af4e802da (sid: X1r1VxUBdyhnA5AzCe9Cn5nrv1AXtzOW)
2.8.2022, 1:46:04 - DEBUG - Emiting to user socket: 62e5339ddd13b00af4e802dc (sid: Nk4OAf-ltGuaS8KoN4hrU8a-wkVz9mgN)
2.8.2022, 1:46:54 - DEBUG - Emiting to user socket: 62e5332edd13b00af4e802da (sid: x5hpuL_sxbjEWzXlR5iC0HEdV6GUnRvV)
2.8.2022, 1:48:25 - DEBUG - Emiting to user socket: 62e5339ddd13b00af4e802dc (sid: ccofkI3ws8Sd9o6rLdAOh3827RVJdgIN)
2.8.2022, 1:48:56 - ERROR - Failed to add order | {} (sid: LAELEUjVUUlTM8H0XzbSme4tWHSVTeCy)
2.8.2022, 1:53:11 - ERROR - Failed to add order | {} (sid: 1T-sRSZW8Cb0JQVnNj5fbfdN8KQ4HcMB)
2.8.2022, 12:56:02 - INFO - Server is running on port: 3030 
2.8.2022, 13:07:04 - DEBUG - Emiting to user socket: 62e5332edd13b00af4e802da (sid: wPkYi0mTTgGjRFjOIFb8EmagwpuODxOy)
2.8.2022, 13:27:28 - ERROR - Failed to add order | {} (sid: nMh0Xx_cvFDRzsvjWnLTijjbFeFQ_X2D)
2.8.2022, 13:28:55 - ERROR - Failed to add order | {} (sid: akDRsLFarmUIN7b4XM3FSB1NyGZ2oBaf)
2.8.2022, 13:29:52 - ERROR - Failed to add order | {} (sid: aWaE9_HSH_TDZyUtOXjNmfPI8Yk7AiC5)
2.8.2022, 14:34:40 - ERROR - Failed to add order | {} (sid: N6o2QwYpQX1sl6rEglj72NpA_uKuYTiy)
2.8.2022, 14:35:13 - ERROR - Failed to add order | {} (sid: Cv8WlMcPqJXH2ff17IhV4qRIHZPRXnpg)
2.8.2022, 14:35:41 - ERROR - Failed to add order | {} (sid: yXV_BC0JcCO1B4U-ibku30Qm_LheJXMt)
2.8.2022, 14:35:55 - ERROR - Failed to add order | {} (sid: QEhpYvWmQfStsqqJRB94__krd1duGR5U)
2.8.2022, 14:36:38 - DEBUG - Emiting to user socket: 62e5332edd13b00af4e802da (sid: Y5RMQ7A2oTvqbO6XoH8bgChJ4p73Xg-0)
2.8.2022, 15:10:58 - ERROR - Failed to add order | {} (sid: n0gjNUJ00My4ZeQweh5J8d_PQ7DMODeO)
2.8.2022, 15:11:40 - ERROR - Failed to add order | {} (sid: n0gjNUJ00My4ZeQweh5J8d_PQ7DMODeO)
2.8.2022, 15:13:31 - ERROR - Failed to add order | {} (sid: EjoUpG9Y3hmKt1Rbaas1EeCCuvU_TMm-)
2.8.2022, 15:13:59 - ERROR - Failed to add order | {} (sid: qvOXqiUA5x8nJlexj-Ivdb2Mdf8Flp-E)
2.8.2022, 15:16:23 - ERROR - Failed to add order | {} (sid: mm4_OBPVXGxwlvwzJf_JoeMQn8453iRJ)
2.8.2022, 15:17:27 - DEBUG - Emiting to user socket: undefined (sid: C-jM1BgOHkcjlOcGJwtkk_xe0wpiRblC)
2.8.2022, 15:20:38 - ERROR - Failed to add order | {} (sid: oYcUVV4kEnHLRgFqC7jXoc1y0uGxaBA7)
2.8.2022, 15:21:07 - ERROR - Failed to add order | {} (sid: 50DphzEZXOx7nVNQ5GRX0WyTGVu48QR9)
2.8.2022, 15:22:06 - INFO - Server is running on port: 3030 
2.8.2022, 15:23:34 - ERROR - Failed to add order | {} (sid: 6zPHylsxD3DshQJl6mXlx3aKwTYZEoQ8)
2.8.2022, 15:48:25 - ERROR - Failed to add order | {} (sid: 9m2FM1yPLWF4qJ59ghRFkkHs7lf7hREU)
2.8.2022, 15:48:58 - DEBUG - Emiting to user socket: undefined (sid: T1gc-Q-X-nbJ9NOAc_7v3rs5IfJY_Eue)
2.8.2022, 15:49:43 - DEBUG - Emiting to user socket: undefined (sid: lluWzm_hZ_rql5F811YgtsM_fzCUfYfs)
2.8.2022, 15:50:19 - ERROR - Failed to add order | {} (sid: hMqaLsb5IkvwBCBZNdcfXP21-y0msq8G)
2.8.2022, 16:01:39 - ERROR - Failed to add order | {} (sid: qHShran84kmsaKj9-zNIJuV0oT1JnCo3)
2.8.2022, 16:11:36 - INFO - Server is running on port: 3030 
2.8.2022, 16:20:47 - ERROR - Failed to add order | {} (sid: OjDqgdRDjj_AsN53OdYiJmzJMhoPGFxY)
2.8.2022, 16:49:11 - INFO - Server is running on port: 3030 
2.8.2022, 16:49:48 - INFO - Server is running on port: 3030 
2.8.2022, 16:50:23 - ERROR - Failed to add order | {} (sid: ixa4UaELgK0oKHp29URWRzdQbN7svuLk)
2.8.2022, 17:12:16 - INFO - Server is running on port: 3030 
2.8.2022, 17:28:16 - INFO - Server is running on port: 3030 
2.8.2022, 17:30:55 - INFO - Server is running on port: 3030 
2.8.2022, 17:31:55 - INFO - Server is running on port: 3030 
2.8.2022, 17:33:20 - INFO - Server is running on port: 3030 
2.8.2022, 17:33:37 - ERROR - Failed to add order | {} (sid: BbhzPFPK0I1k11mOMOE4ZUenB0Zg5Fzj)
2.8.2022, 17:34:26 - INFO - Server is running on port: 3030 
2.8.2022, 17:34:36 - ERROR - Failed to add order | {} (sid: Sfltz4QSBQYTdSgSgr0qaQZPm1iKfvyL)
2.8.2022, 17:35:46 - INFO - Server is running on port: 3030 
2.8.2022, 17:36:05 - ERROR - Failed to add order | {} (sid: O2QHjYT0_JdzNW9qsb5X6pFyzYTsMzvg)
2.8.2022, 17:36:26 - INFO - Server is running on port: 3030 
2.8.2022, 17:59:07 - ERROR - Failed to add order | {} (sid: ofdPtwOfB_zCFpOefSrifjb3rieMFuNP)
2.8.2022, 17:59:45 - ERROR - Failed to add order | {} (sid: jFSMbmFmf-3eQ9HtoJKULRwKV6CQK2Ro)
2.8.2022, 18:03:09 - ERROR - Failed to add order | {} (sid: MBgmkaaZ1kh0JBijA8b5OdxJtQ5GJCg5)
2.8.2022, 18:08:23 - ERROR - Failed to add order | {} (sid: Av07A4HsG5Ap76bolsQs27TothaTgRMx)
2.8.2022, 18:09:02 - ERROR - Failed to add order | {} (sid: T9bArcTm0Cm-43QkhQBPcntmSaDXyU9c)
2.8.2022, 18:09:58 - ERROR - Failed to add order | {} (sid: QzOQcnCNG-efKkxfg8bASbTpcEQs6RT7)
2.8.2022, 18:10:45 - ERROR - Failed to add order | {} (sid: hLJaDpuSf8SxfGbAWbgJ0zxpHxKMiZsA)
2.8.2022, 18:11:19 - ERROR - Failed to add order | {} (sid: oKACXQ7ID2AUz4bsPxxokijb5x6C8J0n)
2.8.2022, 18:28:37 - ERROR - Failed to add order | {} (sid: f2OPKAnTSTVDY4y1OlbjwU4eAMpZ8jqk)
2.8.2022, 18:33:58 - ERROR - Failed to add order | {} (sid: VHcN2p2htOnQ-yfneRGVvgnM7FwI6H3q)
2.8.2022, 18:35:05 - ERROR - Failed to add order | {} (sid: SW8GmaAjVJCOTXuuqqiGJOZIKMQR7Vkb)
2.8.2022, 18:35:36 - ERROR - Failed to add order | {} (sid: 7sO_e5OlDAb2AJlJlPXvZ4zwlH5aXsc-)
2.8.2022, 18:35:49 - ERROR - Failed to add order | {} (sid: W4-FgIvjzMenYt6p6MbDgCL2y9IQ-EQ4)
2.8.2022, 18:37:59 - ERROR - Failed to add order | {} (sid: A28xOURnde34FaEr8DTpr3YrOH3vQY53)
2.8.2022, 18:40:38 - ERROR - Failed to add order | {} (sid: Snh2q7u8emgrukYY9kZNLYshtd7VU0Rs)
2.8.2022, 18:41:11 - ERROR - Failed to add order | {} (sid: wksWA_FdWjM76nEZep0T_v1nHsQgQOPj)
2.8.2022, 18:41:43 - ERROR - Failed to add order | {} (sid: 3jAiY2PvkHRGQhRUJuOvgKuc_havOFqk)
2.8.2022, 18:43:50 - ERROR - Failed to add order | {} (sid: f44F6ef4fbHwk4tBme4IdV12gLNTeFU-)
2.8.2022, 18:46:02 - ERROR - Failed to add order | {} (sid: YfH2GbtbjhFlzFp7LXGZjjQqLS2JVJop)
2.8.2022, 18:46:27 - ERROR - Failed to add order | {} (sid: COJvN74m6rdJiacr9Gz8ZiG2zq2Rk5KW)
2.8.2022, 18:58:59 - ERROR - Failed to add order | {} (sid: ccNUdgfAYU0MxWqvl4P90ztDk37MDg9H)
2.8.2022, 19:00:41 - ERROR - Failed to add order | {} (sid: aop4s64FbO2NfhfrMAgqMnx0yE5C8QR5)
2.8.2022, 19:02:26 - ERROR - Failed to add order | {} (sid: QyZqJG4msIvhrdqhdXnabKPwi5YzzrrZ)
2.8.2022, 19:07:05 - ERROR - Failed to add order | {} (sid: _xW59EBTVyiQ-IxksrlbUf_RV3h6DT8H)
2.8.2022, 19:10:20 - ERROR - Failed to add order | {} (sid: kKPvopqYuRkcbqxXeNizMOY5kykNDilO)
2.8.2022, 19:15:02 - ERROR - Failed to add order | {} (sid: aDoU5TRU245ckfBFtrJsXu6vaC1p3hap)
2.8.2022, 19:19:21 - ERROR - Failed to add order | {} (sid: dIGqBXjFxAAkauZv0zud5eiObPSVVDDK)
2.8.2022, 19:20:34 - ERROR - Failed to add order | {} (sid: 30vZD67JNmanGzG3BUCzHBbIcJxSrdhm)
2.8.2022, 19:22:44 - ERROR - Failed to add order | {} (sid: il4y44QbgdvrVovRBfrVDpwZNoY4MLgq)
2.8.2022, 19:23:03 - ERROR - Failed to add order | {} (sid: j14ljI8Tv65dWd936QyDTOf0d9UEZMah)
2.8.2022, 19:23:27 - ERROR - Failed to add order | {} (sid: v29x1eyjed-mfvv209fsEzkFX76QlU1y)
2.8.2022, 19:29:05 - ERROR - Failed to add order | {} (sid: fXsSMYcFHhtvoLg1ba19vLp6-NT0vW3l)
2.8.2022, 19:29:22 - ERROR - Failed to add order | {} (sid: D6tutnaDgPF7QT7nFY4aI4ePnn9cs0J8)
2.8.2022, 19:31:43 - ERROR - Failed to add order | {} (sid: 9KUIzXQ9MVdggrPQlqOfWGhLdWDgiNFh)
2.8.2022, 19:35:25 - ERROR - Failed to add order | {} (sid: TQavo7Ku24ddmDo0vY_w7FY4fttN8y5h)
2.8.2022, 19:36:18 - ERROR - Failed to add order | {} (sid: qilxZBsjYY8V3SxxXxRt1Kx5Jjgc3eEo)
2.8.2022, 19:36:38 - ERROR - Failed to add order | {} (sid: WjAS2NHcvWWN49JoDeil29SG48Y9fK3e)
2.8.2022, 19:38:09 - ERROR - Failed to add order | {} (sid: 7f2N2S2fH2UTscfgHS2xSildD8MajmrC)
2.8.2022, 19:40:43 - ERROR - Failed to add order | {} (sid: nnCNiEKl-R_-wZ8uUt8lPSiz2sYc9GZt)
2.8.2022, 19:41:44 - ERROR - Failed to add order | {} (sid: tVnP4W8pSep5DGst0d4xoxhWmTpW_DZg)
2.8.2022, 19:41:56 - ERROR - Failed to add order | {} (sid: ws3FITytcZU8wyn-HdmQNBE_B6OSq5Xe)
2.8.2022, 19:43:05 - ERROR - Failed to add order | {} (sid: e9J3MLFBcORKD2XYviV1P8tBAid7wToX)
2.8.2022, 19:52:28 - ERROR - Failed to add order | {} (sid: 3nTnrkYbBj4qfthbvddwEYpBQ0S3DKbc)
2.8.2022, 19:52:42 - ERROR - Failed to add order | {} (sid: m4ljIs--aQxY03cuTJW0jwsivCIIhN3A)
2.8.2022, 19:53:35 - DEBUG - Emiting to user socket: undefined (sid: dQhVKnWG6i9JiLk0QM0MLQ6yfGf5nwVF)
2.8.2022, 19:53:41 - DEBUG - Emiting to user socket: undefined (sid: BYf7QsyXto1IMSrm43o5QKd_uP0TMNFs)
2.8.2022, 19:55:37 - ERROR - Failed to add order | {} (sid: Qf6h-5yhPBoRM3QGwUJ9sYl56Yvveq0w)
2.8.2022, 20:00:30 - ERROR - Failed to add order | {} (sid: tK4fVDd7SlK--KPmisCMFKpWyZIlTbRT)
2.8.2022, 20:02:00 - ERROR - Failed to add order | {} (sid: t3lJA-78tZAbsd-DmSLgf7UltGrxdndy)
2.8.2022, 20:02:34 - ERROR - Failed to add order | {} (sid: Yp_FCcOgCQla20PwviwemMjd0jDb5PYi)
2.8.2022, 20:02:45 - ERROR - Failed to add order | {} (sid: 3r9LJxojMM19Z9fEvdWLtwLntLSbN7Hi)
2.8.2022, 20:03:11 - ERROR - Failed to add order | {} (sid: py0qPtIyyFIf7kc3nupjrLNEh4Q-0pMQ)
2.8.2022, 22:46:31 - ERROR - Failed to add order | {} (sid: SVr_bF4Al2F6oufh_NWeYDm0xuH8CmEL)
2.8.2022, 22:51:57 - ERROR - Failed to add order | {} (sid: xysoP91kLIjuTl35NwxzLh5DWhCqFioQ)
2.8.2022, 22:52:22 - ERROR - Failed to add order | {} (sid: mcLdQ1ZaBAjVd3TWOuz5DqzG09Q5oQlN)
2.8.2022, 23:01:40 - INFO - Server is running on port: 3030 
2.8.2022, 23:05:49 - ERROR - Failed to add order | {} (sid: R6Z3H7NYKIEPeEu9YOubYU1UDGF5VkO3)
2.8.2022, 23:06:07 - ERROR - Failed to add order | {} (sid: iw6nV07qsw1-dKF1f3gmPVi_HYKpLLm8)
2.8.2022, 23:07:35 - ERROR - Failed to add order | {} (sid: D28tQcCYLddB6U7u1VlnGTisTprj_w5r)
2.8.2022, 23:08:17 - ERROR - Failed to add order | {} (sid: yGKgWwbdmR1_RgYUDZYdHx2Y73trOB_x)
2.8.2022, 23:08:29 - ERROR - Failed to add order | {} (sid: NzymcEWTggfr_U4Vg0hof99zmTVisKXe)
2.8.2022, 23:08:34 - ERROR - Failed to add order | {} (sid: QkzwCaVsVkHdZE8IyPPktotKPjB5Rigw)
2.8.2022, 23:08:36 - ERROR - Failed to add order | {} (sid: ige4w8Hm4RPWVTq_EpOwofk6AEXyqiV0)
2.8.2022, 23:08:37 - ERROR - Failed to add order | {} (sid: LlSsmEd6-EImCCwZcXzmkfWot1PDv21_)
2.8.2022, 23:08:44 - ERROR - Failed to add order | {} (sid: 9LmUaJNI1B34vTEnm7Nbp30ecuRCfgyM)
2.8.2022, 23:10:36 - ERROR - Failed to add order | {} (sid: Y6p1rRLOPanslvMyYfFmhE8KVzWfA_Bh)
2.8.2022, 23:11:55 - ERROR - Failed to add order | {} (sid: _HDJsFtI1bOYVgD-nsCjZHtzBlivG3Mg)
2.8.2022, 23:12:20 - DEBUG - Emiting to user socket: 62e0ea13dd13b00af4e80287 (sid: tjudWi5c4EUQiZsk-my68H0_xdydrIbE)
3.8.2022, 0:34:15 - DEBUG - Emiting to user socket: undefined (sid: pdlIoU6NX325Vup1o5CW1mvHcvvR9vwG)
3.8.2022, 0:34:17 - DEBUG - Emiting to user socket: undefined (sid: Nv4EfTKxy5ZhnHqtDN897x0fdZyWJv0R)
3.8.2022, 0:39:09 - DEBUG - Emiting to user socket: undefined (sid: JfzKzz9Xs7D9jK0w72kOPqF49rCGHk-t)
3.8.2022, 0:39:13 - DEBUG - Emiting to user socket: undefined (sid: P_Doa5VfMxT-clKiw8_e13S2k7g6gdKI)
3.8.2022, 0:39:14 - DEBUG - Emiting to user socket: undefined (sid: zBZUcIZVv-nnoXd_UtER2nC9z250ZbY9)
3.8.2022, 0:40:33 - ERROR - Failed to add order | {} (sid: ie7ssYZiohY42fZ5b-AAwJ2MR_2zgFHX)
3.8.2022, 0:57:05 - DEBUG - Emiting to user socket: undefined (sid: apPTEjAxL-d8iXYDfM3dQ_4FTY8_o8IL)
3.8.2022, 9:36:18 - INFO - Server is running on port: 3030 
3.8.2022, 9:40:24 - ERROR - Failed to add order | {} (sid: Ag-eOutOLKVpfJXaDj3rFR61tiSYRRhb)
3.8.2022, 9:40:48 - DEBUG - Emiting to user socket: undefined (sid: j6ZMFe5pb8oKy72PXkOPFTqEN52kYdv8)
3.8.2022, 9:40:54 - DEBUG - Emiting to user socket: undefined (sid: lA3_PfktF8KAHY8JXpzbcEvk7w1V2cGm)
3.8.2022, 10:48:57 - INFO - Server is running on port: 3030 
3.8.2022, 10:51:42 - ERROR - Failed to add order | {} (sid: WSvSYjv5xDXzu01YLGCgNgJWZXmSb9ng)
3.8.2022, 10:51:58 - ERROR - Failed to add order | {} (sid: f_VRbQcc5X2gjm37uatv3Bu2eTn7R-P_)
3.8.2022, 10:53:26 - ERROR - Failed to add order | {} (sid: TIhqH_DxqhwBsVdh_7pAnVl5EHPRRbaD)
3.8.2022, 10:53:51 - ERROR - Failed to add order | {} (sid: jXYrle_2WS49trwYRV0wAvg6kwseMXUj)
3.8.2022, 10:54:09 - ERROR - Failed to add order | {} (sid: NzuhD3rWgPVEUXhRBqsTzeSlHDTwM8be)
3.8.2022, 10:54:12 - ERROR - Failed to add order | {} (sid: pdSvW27_1Kxpz4BvhOt5bZU_ItOgjdK8)
3.8.2022, 10:54:18 - ERROR - Failed to add order | {} (sid: 9czYpnnzfybI5SAHFnq3MADJ5WC_v8jN)
3.8.2022, 10:56:03 - INFO - Server is running on port: 3030 
8.8.2022, 0:35:02 - INFO - Server is running on port: 3030 
8.8.2022, 0:36:51 - ERROR - Failed to add order | {} (sid: JCp19BvFhO2XTGY7yXpJDK6tr6Qc66wZ)
8.8.2022, 0:37:13 - ERROR - Failed to add order | {} (sid: KYPCHVZheO7Qzz-GTTyqOiVslPy8xG9f)
8.8.2022, 0:37:24 - ERROR - Failed to add order | {} (sid: qffFAyyCVToM2LnF1G0IeyEKnBEJ7d9H)
8.8.2022, 0:37:53 - ERROR - Failed to add order | {} (sid: myGFZnTLMCDWTnb1yYGUHQoK2_wPrr61)
17.8.2022, 20:22:01 - INFO - Server is running on port: 3030 
17.8.2022, 20:25:09 - ERROR - Failed to add order | {} (sid: uDxmt_BZPpBwbDxDfhIEyw_0QJ1yPLuJ)
17.8.2022, 20:25:45 - DEBUG - Emiting to user socket: undefined (sid: zDUZwd2sPONTSFNblMuEpxd5d7rlF9yG)
23.8.2022, 16:03:44 - INFO - Server is running on port: 3030 
23.8.2022, 16:03:50 - ERROR - cannot find stays | {} (sid: dXSk3xeF59xIC9Yc-P_N6p5yK_dF4VrW)
23.8.2022, 16:03:50 - ERROR - Failed to get stays | {} (sid: dXSk3xeF59xIC9Yc-P_N6p5yK_dF4VrW)
23.8.2022, 16:03:50 - ERROR - cannot find orders | {} (sid: oDKaCz_1mq0xRWuBi_Kbn8HkmVngdK7P)
23.8.2022, 16:03:50 - ERROR - Cannot get orders | {} (sid: oDKaCz_1mq0xRWuBi_Kbn8HkmVngdK7P)
23.8.2022, 16:03:50 - ERROR - cannot find stays | {} (sid: 5r2Y4T6-DzaHIWUjMb3RjQjHwPyH0BmT)
23.8.2022, 16:03:50 - ERROR - Failed to get stays | {} (sid: 5r2Y4T6-DzaHIWUjMb3RjQjHwPyH0BmT)
23.8.2022, 16:03:50 - ERROR - cannot find orders | {} (sid: -JajPhGbwNJ3RLICZ0gztUoTqUtISD-D)
23.8.2022, 16:03:50 - ERROR - Cannot get orders | {} (sid: -JajPhGbwNJ3RLICZ0gztUoTqUtISD-D)
23.8.2022, 16:04:37 - ERROR - cannot find stays | {} (sid: TTnZbJMH0VcbNyjuqKwb_KZyz2RqTb_g)
23.8.2022, 16:04:37 - ERROR - Failed to get stays | {} (sid: TTnZbJMH0VcbNyjuqKwb_KZyz2RqTb_g)
23.8.2022, 16:04:37 - ERROR - cannot find orders | {} (sid: 6TNCvBPmeXs2bd3cGMt9GaV30C_QAxex)
23.8.2022, 16:04:37 - ERROR - Cannot get orders | {} (sid: 6TNCvBPmeXs2bd3cGMt9GaV30C_QAxex)
23.8.2022, 16:04:37 - ERROR - cannot find stays | {} (sid: m4jMcC4PG07Igpk8iL7KF2lWso1OIxx7)
23.8.2022, 16:04:37 - ERROR - Failed to get stays | {} (sid: m4jMcC4PG07Igpk8iL7KF2lWso1OIxx7)
23.8.2022, 16:04:37 - ERROR - cannot find orders | {} (sid: qM2rjIlAO-Y4EbAw5GFumzfXWi0XLIto)
23.8.2022, 16:04:37 - ERROR - Cannot get orders | {} (sid: qM2rjIlAO-Y4EbAw5GFumzfXWi0XLIto)
23.8.2022, 16:08:03 - ERROR - cannot find stays | {} (sid: Uxj22D1Gxzm2k_788p-4g_EIjgRGldnz)
23.8.2022, 16:08:03 - ERROR - Failed to get stays | {} (sid: Uxj22D1Gxzm2k_788p-4g_EIjgRGldnz)
23.8.2022, 16:08:03 - ERROR - cannot find orders | {} (sid: 2ryY7nThKErqDUkbbBoNbDqhN40z3jsZ)
23.8.2022, 16:08:03 - ERROR - Cannot get orders | {} (sid: 2ryY7nThKErqDUkbbBoNbDqhN40z3jsZ)
23.8.2022, 16:08:03 - ERROR - cannot find stays | {} (sid: M2Qs1iUF0IkToh5HWTB-bpYjP4kayW-X)
23.8.2022, 16:08:03 - ERROR - Failed to get stays | {} (sid: M2Qs1iUF0IkToh5HWTB-bpYjP4kayW-X)
23.8.2022, 16:08:03 - ERROR - cannot find orders | {} (sid: YwJDdmEFv_7IsM5jdfmNzTa2ojI0Vdjo)
23.8.2022, 16:08:03 - ERROR - Cannot get orders | {} (sid: YwJDdmEFv_7IsM5jdfmNzTa2ojI0Vdjo)
23.8.2022, 17:25:24 - INFO - Server is running on port: 3030 
23.8.2022, 20:03:10 - ERROR - cannot find stays | {"reason":{"type":"ReplicaSetNoPrimary","servers":{},"stale":false,"compatible":true,"heartbeatFrequencyMS":10000,"localThresholdMS":15,"setName":"atlas-e0xqma-shard-0","maxSetVersion":7,"maxElectionId":"7fffffff000000000000004e","commonWireVersion":13}} (sid: 3F6jUlxebWJGRdhYyujS7yqCU2d8ri-a)
23.8.2022, 20:03:10 - ERROR - Failed to get stays | {"reason":{"type":"ReplicaSetNoPrimary","servers":{},"stale":false,"compatible":true,"heartbeatFrequencyMS":10000,"localThresholdMS":15,"setName":"atlas-e0xqma-shard-0","maxSetVersion":7,"maxElectionId":"7fffffff000000000000004e","commonWireVersion":13}} (sid: 3F6jUlxebWJGRdhYyujS7yqCU2d8ri-a)
23.8.2022, 20:03:10 - ERROR - cannot find orders | {"reason":{"type":"ReplicaSetNoPrimary","servers":{},"stale":false,"compatible":true,"heartbeatFrequencyMS":10000,"localThresholdMS":15,"setName":"atlas-e0xqma-shard-0","maxSetVersion":7,"maxElectionId":"7fffffff000000000000004e","commonWireVersion":13}} (sid: ipGHpz5VT2SjR6BUxWCKiAkrfojdefnZ)
23.8.2022, 20:03:10 - ERROR - Cannot get orders | {"reason":{"type":"ReplicaSetNoPrimary","servers":{},"stale":false,"compatible":true,"heartbeatFrequencyMS":10000,"localThresholdMS":15,"setName":"atlas-e0xqma-shard-0","maxSetVersion":7,"maxElectionId":"7fffffff000000000000004e","commonWireVersion":13}} (sid: ipGHpz5VT2SjR6BUxWCKiAkrfojdefnZ)
23.8.2022, 20:06:02 - DEBUG - auth controller 18 | {} (sid: 79dyIU9MRtE3zOIerdyeb7nIiEGwZWpN)
23.8.2022, 20:06:02 - DEBUG - undefined, undefined, undefined (sid: 79dyIU9MRtE3zOIerdyeb7nIiEGwZWpN)
23.8.2022, 20:06:02 - DEBUG - auth.service - signup with username: undefined, fullname: undefined, email: undefined (sid: 79dyIU9MRtE3zOIerdyeb7nIiEGwZWpN)
23.8.2022, 20:06:02 - ERROR - Failed to signup fullname, username, email and password are required! (sid: 79dyIU9MRtE3zOIerdyeb7nIiEGwZWpN)
23.8.2022, 20:31:23 - DEBUG - auth controller 18 | {} (sid: 4qD7m7RSqYh2ADjJu11iaMAwQeRl_gqF)
23.8.2022, 20:31:23 - DEBUG - undefined, undefined, undefined (sid: 4qD7m7RSqYh2ADjJu11iaMAwQeRl_gqF)
23.8.2022, 20:31:23 - DEBUG - auth.service - signup with username: undefined, fullname: undefined, email: undefined (sid: 4qD7m7RSqYh2ADjJu11iaMAwQeRl_gqF)
23.8.2022, 20:31:23 - ERROR - Failed to signup fullname, username, email and password are required! (sid: 4qD7m7RSqYh2ADjJu11iaMAwQeRl_gqF)
23.8.2022, 20:31:33 - DEBUG - auth controller 18 | {} (sid: ZSiPVdrhJcqLqazHvp_j1y004ZcC6FF1)
23.8.2022, 20:31:33 - DEBUG - undefined, undefined, undefined (sid: ZSiPVdrhJcqLqazHvp_j1y004ZcC6FF1)
23.8.2022, 20:31:33 - DEBUG - auth.service - signup with username: undefined, fullname: undefined, email: undefined (sid: ZSiPVdrhJcqLqazHvp_j1y004ZcC6FF1)
23.8.2022, 20:31:33 - ERROR - Failed to signup fullname, username, email and password are required! (sid: ZSiPVdrhJcqLqazHvp_j1y004ZcC6FF1)
23.8.2022, 20:40:29 - DEBUG - auth controller 18 | {} (sid: B370QeXGx197PhvJ1kXh9tCyyOf38g_b)
23.8.2022, 20:40:29 - DEBUG - undefined, undefined, undefined (sid: B370QeXGx197PhvJ1kXh9tCyyOf38g_b)
23.8.2022, 20:40:30 - DEBUG - auth.service - signup with username: undefined, fullname: undefined, email: undefined (sid: B370QeXGx197PhvJ1kXh9tCyyOf38g_b)
23.8.2022, 20:40:30 - ERROR - Failed to signup fullname, username, email and password are required! (sid: B370QeXGx197PhvJ1kXh9tCyyOf38g_b)
23.8.2022, 20:40:42 - DEBUG - auth controller 18 | {} (sid: YhCvntG3wXjVL-6aAeMgyMp9FYsSryxL)
23.8.2022, 20:40:42 - DEBUG - undefined, undefined, undefined (sid: YhCvntG3wXjVL-6aAeMgyMp9FYsSryxL)
23.8.2022, 20:40:42 - DEBUG - auth.service - signup with username: undefined, fullname: undefined, email: undefined (sid: YhCvntG3wXjVL-6aAeMgyMp9FYsSryxL)
23.8.2022, 20:40:42 - ERROR - Failed to signup fullname, username, email and password are required! (sid: YhCvntG3wXjVL-6aAeMgyMp9FYsSryxL)
23.8.2022, 20:40:43 - DEBUG - auth controller 18 | {} (sid: ipafhscZongh7uK6wBec1Q3kbGs838fh)
23.8.2022, 20:40:43 - DEBUG - undefined, undefined, undefined (sid: ipafhscZongh7uK6wBec1Q3kbGs838fh)
23.8.2022, 20:40:43 - DEBUG - auth.service - signup with username: undefined, fullname: undefined, email: undefined (sid: ipafhscZongh7uK6wBec1Q3kbGs838fh)
23.8.2022, 20:40:43 - ERROR - Failed to signup fullname, username, email and password are required! (sid: ipafhscZongh7uK6wBec1Q3kbGs838fh)
23.8.2022, 20:40:54 - DEBUG - auth controller 18 | {} (sid: Knf4_-0Opca2kC6jAbJW_UKmhvYgEyVW)
23.8.2022, 20:40:54 - DEBUG - undefined, undefined, undefined (sid: Knf4_-0Opca2kC6jAbJW_UKmhvYgEyVW)
23.8.2022, 20:40:54 - DEBUG - auth.service - signup with username: undefined, fullname: undefined, email: undefined (sid: Knf4_-0Opca2kC6jAbJW_UKmhvYgEyVW)
23.8.2022, 20:40:54 - ERROR - Failed to signup fullname, username, email and password are required! (sid: Knf4_-0Opca2kC6jAbJW_UKmhvYgEyVW)
23.8.2022, 21:41:56 - DEBUG - auth controller 18 | {} (sid: PUQehPCfh2-ZOfTRm1ExZfPt4GoOiSDd)
23.8.2022, 21:41:56 - DEBUG - undefined, undefined, undefined (sid: PUQehPCfh2-ZOfTRm1ExZfPt4GoOiSDd)
23.8.2022, 21:41:56 - DEBUG - auth.service - signup with username: undefined, fullname: undefined, email: undefined (sid: PUQehPCfh2-ZOfTRm1ExZfPt4GoOiSDd)
23.8.2022, 21:41:56 - ERROR - Failed to signup fullname, username, email and password are required! (sid: PUQehPCfh2-ZOfTRm1ExZfPt4GoOiSDd)
23.8.2022, 22:12:10 - DEBUG - auth controller 18 | {} (sid: R4LqW2uk60gVHKCWD8wp33vpVKyWIpmp)
23.8.2022, 22:12:10 - DEBUG - undefined, undefined, undefined (sid: R4LqW2uk60gVHKCWD8wp33vpVKyWIpmp)
23.8.2022, 22:12:10 - DEBUG - auth.service - signup with username: undefined, fullname: undefined, email: undefined (sid: R4LqW2uk60gVHKCWD8wp33vpVKyWIpmp)
23.8.2022, 22:12:10 - ERROR - Failed to signup fullname, username, email and password are required! (sid: R4LqW2uk60gVHKCWD8wp33vpVKyWIpmp)
23.8.2022, 22:20:14 - DEBUG - auth controller 18 | {} (sid: YX45XqIXffuD7U8BOyvL0Q2cNxBWLZ60)
23.8.2022, 22:20:14 - DEBUG - undefined, undefined, undefined (sid: YX45XqIXffuD7U8BOyvL0Q2cNxBWLZ60)
23.8.2022, 22:20:14 - DEBUG - auth.service - signup with username: undefined, fullname: undefined, email: undefined (sid: YX45XqIXffuD7U8BOyvL0Q2cNxBWLZ60)
23.8.2022, 22:20:14 - ERROR - Failed to signup fullname, username, email and password are required! (sid: YX45XqIXffuD7U8BOyvL0Q2cNxBWLZ60)
23.8.2022, 22:45:51 - DEBUG - auth controller 18 | {} (sid: QvM2d_L6jBvK3cpPxAoiWDeg2iKNYbAX)
23.8.2022, 22:45:51 - DEBUG - undefined, undefined, undefined (sid: QvM2d_L6jBvK3cpPxAoiWDeg2iKNYbAX)
23.8.2022, 22:45:51 - DEBUG - auth.service - signup with username: undefined, fullname: undefined, email: undefined (sid: QvM2d_L6jBvK3cpPxAoiWDeg2iKNYbAX)
23.8.2022, 22:45:51 - ERROR - Failed to signup fullname, username, email and password are required! (sid: QvM2d_L6jBvK3cpPxAoiWDeg2iKNYbAX)
23.8.2022, 22:52:36 - DEBUG - auth controller 18 | {} (sid: qc7SaiqQYJdZ9gX8qtmQatDT2kN-atca)
23.8.2022, 22:52:36 - DEBUG - undefined, undefined, undefined (sid: qc7SaiqQYJdZ9gX8qtmQatDT2kN-atca)
23.8.2022, 22:52:36 - DEBUG - auth.service - signup with username: undefined, fullname: undefined, email: undefined (sid: qc7SaiqQYJdZ9gX8qtmQatDT2kN-atca)
23.8.2022, 22:52:36 - ERROR - Failed to signup fullname, username, email and password are required! (sid: qc7SaiqQYJdZ9gX8qtmQatDT2kN-atca)
23.8.2022, 23:00:57 - DEBUG - auth controller 18 | {} (sid: C7EjipuDWzu5AWdxWHXiQL4Uvkt2UdIk)
23.8.2022, 23:00:57 - DEBUG - undefined, undefined, undefined (sid: C7EjipuDWzu5AWdxWHXiQL4Uvkt2UdIk)
23.8.2022, 23:00:57 - DEBUG - auth.service - signup with username: undefined, fullname: undefined, email: undefined (sid: C7EjipuDWzu5AWdxWHXiQL4Uvkt2UdIk)
23.8.2022, 23:00:57 - ERROR - Failed to signup fullname, username, email and password are required! (sid: C7EjipuDWzu5AWdxWHXiQL4Uvkt2UdIk)
23.8.2022, 23:02:01 - DEBUG - auth controller 18 | {} (sid: mGWXnc0iHybw1CVOIM2rwkxu6BGjVT_E)
23.8.2022, 23:02:01 - DEBUG - undefined, undefined, undefined (sid: mGWXnc0iHybw1CVOIM2rwkxu6BGjVT_E)
23.8.2022, 23:02:01 - DEBUG - auth.service - signup with username: undefined, fullname: undefined, email: undefined (sid: mGWXnc0iHybw1CVOIM2rwkxu6BGjVT_E)
23.8.2022, 23:02:01 - ERROR - Failed to signup fullname, username, email and password are required! (sid: mGWXnc0iHybw1CVOIM2rwkxu6BGjVT_E)
23.8.2022, 23:02:02 - DEBUG - auth controller 18 | {} (sid: v_7NTwf0uoV67eA5ur5Ne9oyX6qh6gkL)
23.8.2022, 23:02:02 - DEBUG - undefined, undefined, undefined (sid: v_7NTwf0uoV67eA5ur5Ne9oyX6qh6gkL)
23.8.2022, 23:02:02 - DEBUG - auth.service - signup with username: undefined, fullname: undefined, email: undefined (sid: v_7NTwf0uoV67eA5ur5Ne9oyX6qh6gkL)
23.8.2022, 23:02:02 - ERROR - Failed to signup fullname, username, email and password are required! (sid: v_7NTwf0uoV67eA5ur5Ne9oyX6qh6gkL)
23.8.2022, 23:02:02 - DEBUG - auth controller 18 | {} (sid: 7ZtwHRjvT9MJS8f4Jjq5jOE0hoxtG_5r)
23.8.2022, 23:02:02 - DEBUG - undefined, undefined, undefined (sid: 7ZtwHRjvT9MJS8f4Jjq5jOE0hoxtG_5r)
23.8.2022, 23:02:02 - DEBUG - auth.service - signup with username: undefined, fullname: undefined, email: undefined (sid: 7ZtwHRjvT9MJS8f4Jjq5jOE0hoxtG_5r)
23.8.2022, 23:02:02 - ERROR - Failed to signup fullname, username, email and password are required! (sid: 7ZtwHRjvT9MJS8f4Jjq5jOE0hoxtG_5r)
23.8.2022, 23:02:02 - DEBUG - auth controller 18 | {} (sid: taakZgKrt0GBkLsILq1sVr0bw9AGQG8O)
23.8.2022, 23:02:02 - DEBUG - undefined, undefined, undefined (sid: taakZgKrt0GBkLsILq1sVr0bw9AGQG8O)
23.8.2022, 23:02:02 - DEBUG - auth.service - signup with username: undefined, fullname: undefined, email: undefined (sid: taakZgKrt0GBkLsILq1sVr0bw9AGQG8O)
23.8.2022, 23:02:02 - ERROR - Failed to signup fullname, username, email and password are required! (sid: taakZgKrt0GBkLsILq1sVr0bw9AGQG8O)
23.8.2022, 23:04:58 - DEBUG - auth controller 18 | {} (sid: EJ4zI7xHOLUe_XRJFxQQWNfmUHYKsz-B)
23.8.2022, 23:04:58 - DEBUG - undefined, undefined, undefined (sid: EJ4zI7xHOLUe_XRJFxQQWNfmUHYKsz-B)
23.8.2022, 23:04:58 - DEBUG - auth.service - signup with username: undefined, fullname: undefined, email: undefined (sid: EJ4zI7xHOLUe_XRJFxQQWNfmUHYKsz-B)
23.8.2022, 23:04:58 - ERROR - Failed to signup fullname, username, email and password are required! (sid: EJ4zI7xHOLUe_XRJFxQQWNfmUHYKsz-B)
24.8.2022, 8:33:04 - DEBUG - auth.service - login with username: hadar (sid: qxXcRLiGMqRolyfNflId2A2vjrU5bZmo)
24.8.2022, 8:33:04 - ERROR - Failed to Login Error: data and hash must be strings (sid: qxXcRLiGMqRolyfNflId2A2vjrU5bZmo)
24.8.2022, 8:40:39 - DEBUG - auth.service - login with username: hadar (sid: kK6IrwKPj6lAnZ-6OA6uOXrg6AQ-RAc6)
24.8.2022, 8:40:39 - ERROR - Failed to Login Error: data and hash must be strings (sid: kK6IrwKPj6lAnZ-6OA6uOXrg6AQ-RAc6)
24.8.2022, 8:42:15 - INFO - Server is running on port: 3030 
24.8.2022, 8:43:52 - DEBUG - auth.service - login with username: hadar (sid: 3LYLF8pYjMaiJRBuWy_uOJ_W-nJ3n9XN)
24.8.2022, 8:43:52 - ERROR - Failed to Login Error: data and hash must be strings (sid: 3LYLF8pYjMaiJRBuWy_uOJ_W-nJ3n9XN)
24.8.2022, 8:55:07 - INFO - Server is running on port: 3030 
24.8.2022, 8:56:14 - INFO - Server is running on port: 3030 
24.8.2022, 8:56:57 - DEBUG - auth.service - login with username: hadar (sid: BxJ3tlzAw3-JVqgqwxa0z-tRwmMsm8fX)
24.8.2022, 8:57:02 - ERROR - Failed to Login Error: data and hash must be strings (sid: BxJ3tlzAw3-JVqgqwxa0z-tRwmMsm8fX)
24.8.2022, 8:59:56 - INFO - Server is running on port: 3030 
24.8.2022, 9:01:26 - INFO - Server is running on port: 3030 
24.8.2022, 9:01:29 - DEBUG - auth.service - login with username: hadar (sid: FF87ojaD6jEYPbRwD6RUgMMGDClphGVW)
24.8.2022, 9:01:33 - ERROR - Failed to Login Error: data and hash must be strings (sid: FF87ojaD6jEYPbRwD6RUgMMGDClphGVW)
24.8.2022, 9:01:34 - DEBUG - auth.service - login with username: hadar (sid: psw5mbZiFfByJW8CpReBuWMyBKp8CRqt)
24.8.2022, 9:01:34 - ERROR - Failed to Login Error: data and hash must be strings (sid: psw5mbZiFfByJW8CpReBuWMyBKp8CRqt)
24.8.2022, 9:03:24 - INFO - Server is running on port: 3030 
24.8.2022, 9:04:06 - INFO - Server is running on port: 3030 
24.8.2022, 9:04:13 - DEBUG - auth.service - login with username: hadar (sid: oQmgh8_DZPYTKkfocrg6rIC9WeQFj8rN)
24.8.2022, 9:04:17 - ERROR - Failed to Login Error: data and hash must be strings (sid: oQmgh8_DZPYTKkfocrg6rIC9WeQFj8rN)
24.8.2022, 9:05:09 - INFO - Server is running on port: 3030 
24.8.2022, 9:05:40 - INFO - Server is running on port: 3030 
24.8.2022, 9:06:07 - INFO - Server is running on port: 3030 
24.8.2022, 9:06:10 - DEBUG - auth.service - login with username: hadar (sid: 3svUR4FNNv_vDGqgShQLmfuahVgsfMpK)
24.8.2022, 9:06:14 - ERROR - Failed to Login Error: data and hash must be strings (sid: 3svUR4FNNv_vDGqgShQLmfuahVgsfMpK)
24.8.2022, 9:07:28 - INFO - Server is running on port: 3030 
24.8.2022, 9:07:30 - DEBUG - auth.service - login with username: hadar (sid: M43dpFBn2n8B6eUYrBHQ0lZNba1MnNB4)
24.8.2022, 9:07:49 - DEBUG - auth.service - login with username: hadar (sid: SfSstLTDrQOC1tPIiG7dJb6IK5u85y6d)
24.8.2022, 9:08:00 - ERROR - Failed to Login Error: data and hash must be strings (sid: M43dpFBn2n8B6eUYrBHQ0lZNba1MnNB4)
24.8.2022, 9:08:03 - ERROR - Failed to Login Error: data and hash must be strings (sid: SfSstLTDrQOC1tPIiG7dJb6IK5u85y6d)
24.8.2022, 9:24:06 - DEBUG - auth.service - login with username: hadar (sid: Mi4hsVdEO0JorDstuuGa47DzuMBsMPe2)
24.8.2022, 9:24:10 - ERROR - Failed to Login Invalid username or password (sid: Mi4hsVdEO0JorDstuuGa47DzuMBsMPe2)
24.8.2022, 9:25:12 - DEBUG - auth.service - login with username: hadar (sid: UVVoI6FWnqF7OxCLv7uo74MX1j35Pwn2)
24.8.2022, 9:25:12 - ERROR - Failed to Login Invalid username or password (sid: UVVoI6FWnqF7OxCLv7uo74MX1j35Pwn2)
24.8.2022, 9:27:40 - DEBUG - auth.service - login with username: hadar (sid: uZL9RLYZWUeBtZBA0S8MFGehEK6d5YO-)
24.8.2022, 9:27:40 - ERROR - Failed to Login Invalid username or password (sid: uZL9RLYZWUeBtZBA0S8MFGehEK6d5YO-)
24.8.2022, 9:32:52 - DEBUG - auth.service - login with username: hadar (sid: vVXF4qK7NHeYOqU2GqJUsGf5dsBNim_E)
24.8.2022, 9:32:52 - ERROR - Failed to Login Invalid username or password (sid: vVXF4qK7NHeYOqU2GqJUsGf5dsBNim_E)
24.8.2022, 9:34:42 - INFO - Server is running on port: 3030 
24.8.2022, 9:34:51 - DEBUG - auth.service - login with username: hadar (sid: 8fJgvbZ_oBmWUaE21YpzyWiXatT8mhIQ)
24.8.2022, 9:34:53 - DEBUG - auth.service - login with username: hadar (sid: GHAWidCASi0DOgJWNO4EKWCi-3JhQ039)
24.8.2022, 9:35:35 - DEBUG - auth.service - login with username: hadar (sid: AyHOKeGlsowhAQz55kwCjlVghJnLqLe_)
24.8.2022, 9:35:40 - DEBUG - auth.service - login with username: hadar (sid: zsIp-Sy6HpPG0T6u10DtLT2CLMhXWPiJ)
24.8.2022, 9:35:43 - ERROR - Failed to Login Invalid username or password (sid: 8fJgvbZ_oBmWUaE21YpzyWiXatT8mhIQ)
24.8.2022, 9:35:43 - ERROR - Failed to Login Invalid username or password (sid: GHAWidCASi0DOgJWNO4EKWCi-3JhQ039)
24.8.2022, 9:35:44 - ERROR - Failed to Login Invalid username or password (sid: AyHOKeGlsowhAQz55kwCjlVghJnLqLe_)
24.8.2022, 9:35:45 - ERROR - Failed to Login Invalid username or password (sid: zsIp-Sy6HpPG0T6u10DtLT2CLMhXWPiJ)
24.8.2022, 9:54:11 - DEBUG - auth.service - login with username: hadar (sid: dNH5XVgZFQiC7pKLhvqCs5iOONypyv1i)
24.8.2022, 9:54:11 - ERROR - Failed to Login Invalid username or password (sid: dNH5XVgZFQiC7pKLhvqCs5iOONypyv1i)
24.8.2022, 9:58:44 - INFO - Server is running on port: 3030 
24.8.2022, 9:58:54 - DEBUG - auth.service - login with username: hadar (sid: 3c24uLxM0MuZGhyxQZA9eIBgQU5sR7cS)
24.8.2022, 9:59:03 - DEBUG - auth.service - login with username: hadar (sid: ikyRPYP5kd59IgmgnlqIyMnFDayhKVhT)
24.8.2022, 10:05:29 - DEBUG - auth.service - login with username: hadar (sid: xt1lXP64O18FsygG-A2JkPPGPM1HjKAJ)
24.8.2022, 10:11:22 - DEBUG - auth.service - login with username: hadar (sid: 4UxlDELXVh9gJKbpHjCrBL4dZRbqvDXQ)
24.8.2022, 10:11:25 - DEBUG - auth.service - login with username: hadar (sid: A7SmG9wubGJW5QWoQULdkImt0_ieIQtP)
24.8.2022, 12:29:34 - DEBUG - auth.service - login with username: hadar (sid: JnIVou6OiPrI9mjySlMHD2GwW3OC_-av)
24.8.2022, 12:29:55 - DEBUG - auth.service - login with username: hadar (sid: QMGbMhyyBOjzRMsheUVjBOXi9W8PpzUf)
24.8.2022, 12:29:56 - DEBUG - auth.service - login with username: hadar (sid: S-bdNsNfPa9I5OI4a3vt3joZIzoB93Zz)
24.8.2022, 12:29:57 - DEBUG - auth.service - login with username: hadar (sid: msTF1h-DSUieBAGsHlqyqfyCEuJwCkd4)
24.8.2022, 12:29:58 - DEBUG - auth.service - login with username: hadar (sid: Kbq7dOKnjvHXBUKUpdLD8pfSHPU3z9rK)
24.8.2022, 12:30:01 - DEBUG - auth.service - login with username: hadar (sid: rQVm_AxYpyFAxncznW504iWhKJURDbDo)
24.8.2022, 12:30:02 - DEBUG - auth.service - login with username: hadar (sid: gqixWKlPpYu_U56wtc5Q9i99rNxy2nQq)
24.8.2022, 12:30:08 - DEBUG - auth.service - login with username: hadar (sid: O-ZjTNefaA1CC6GfXLbyXgcMDY9aYRUE)
24.8.2022, 12:33:05 - DEBUG - auth.service - login with username: hadar (sid: SzrH02HszXi_pqPgsB2QIx6bOJ1qY7jk)
24.8.2022, 12:33:06 - DEBUG - auth.service - login with username: hadar (sid: tUlhPObNGx2O1fkyplED_2M4a_sMv4Pw)
24.8.2022, 12:33:07 - DEBUG - auth.service - login with username: hadar (sid: SHO7A4h_p1BoOF0kYyolUI10NihF7tLW)
24.8.2022, 12:33:11 - DEBUG - auth.service - login with username: hadar (sid: 5hemrzZMEbNY83CEJy7r-Nun0rRJRgfd)
24.8.2022, 12:33:12 - DEBUG - auth.service - login with username: hadar (sid: GcooiKC9xZQFIYHNwFlwx9axmm1szKq0)
24.8.2022, 12:35:21 - DEBUG - auth.service - login with username: hadar (sid: Nc8RlH_Mk_1LJzArJiO6LVk3RqpV4XxR)
24.8.2022, 12:38:37 - DEBUG - auth.service - login with username: daniel (sid: dgQQwF-iHG5pgewxlXHLtTUpjHxPJ7OI)
24.8.2022, 12:38:37 - ERROR - Failed to Login Invalid username or password (sid: dgQQwF-iHG5pgewxlXHLtTUpjHxPJ7OI)
24.8.2022, 12:39:37 - DEBUG - auth.service - login with username: hadar (sid: 8g4-FCNOdReXJlvuekYJAKP5uWHx-kpV)
24.8.2022, 13:45:53 - INFO - Server is running on port: 3030 
24.8.2022, 13:47:07 - INFO - Server is running on port: 3030 
24.8.2022, 13:47:49 - INFO - Server is running on port: 3030 
24.8.2022, 13:48:42 - INFO - Server is running on port: 3030 
24.8.2022, 13:52:00 - INFO - Server is running on port: 3030 
24.8.2022, 13:54:50 - INFO - Server is running on port: 3030 
24.8.2022, 14:20:26 - DEBUG - auth.service - login with username: hadar  (sid: VM75V3gTzo_WXZHSSEQBOpEEoP9GhO_2)
24.8.2022, 14:20:29 - ERROR - Failed to Login Invalid username or password (sid: VM75V3gTzo_WXZHSSEQBOpEEoP9GhO_2)
18.8.2022, 7:47:56 - INFO - Server is running on port: 3030 
18.8.2022, 8:08:06 - INFO - Server is running on port: 3030 
18.8.2022, 8:08:19 - INFO - Server is running on port: 3030 
18.8.2022, 8:08:59 - INFO - Server is running on port: 3030 
18.8.2022, 8:09:08 - INFO - Server is running on port: 3030 
18.8.2022, 8:09:13 - INFO - Server is running on port: 3030 
18.8.2022, 8:09:18 - INFO - Server is running on port: 3030 
18.8.2022, 8:09:22 - INFO - Server is running on port: 3030 
18.8.2022, 8:09:26 - INFO - Server is running on port: 3030 
18.8.2022, 8:09:29 - INFO - Server is running on port: 3030 
18.8.2022, 8:09:38 - INFO - Server is running on port: 3030 
18.8.2022, 8:09:42 - INFO - Server is running on port: 3030 
18.8.2022, 8:09:47 - INFO - Server is running on port: 3030 
18.8.2022, 8:10:06 - INFO - Server is running on port: 3030 
18.8.2022, 15:45:11 - INFO - Server is running on port: 3030 
21.8.2022, 16:14:20 - INFO - Server is running on port: 3030 
22.8.2022, 15:33:32 - ERROR - Failed to add order | {} (sid: _8xq8uZ7pZ8kZqumTA47heQjnlG97frb)
23.8.2022, 14:35:14 - ERROR - Failed to add order | {} (sid: E0AtSUoL7nl34gdzsFOs1AALxtuByZUE)
23.8.2022, 14:36:03 - ERROR - Failed to add order | {} (sid: kTzS-IrVaV_C7wahiEH8AxoIuI57lydj)
23.8.2022, 14:36:23 - DEBUG - Emiting to user socket: undefined (sid: K1KyF86ODWuAMSUZqCQZrY76rxX18Kfx)
23.8.2022, 16:48:39 - DEBUG - Emiting to user socket: undefined (sid: eNqyQQ1GwTLf256tvU1iFaoxWKy9DbJr)
23.8.2022, 21:19:08 - ERROR - Failed to add order | {} (sid: rcwv1gz07T6QvC_wg1l6OETLPomDeY91)
23.8.2022, 22:35:45 - INFO - Server is running on port: 3030 
23.8.2022, 22:36:01 - DEBUG - Getting Stays (sid: PWAel6oYrrq2oGkyCYA44YeRi6TOtE2h)
23.8.2022, 22:36:36 - INFO - Server is running on port: 3030 
23.8.2022, 22:38:57 - INFO - Server is running on port: 3030 
23.8.2022, 22:40:33 - INFO - Server is running on port: 3030 
23.8.2022, 22:46:57 - INFO - Server is running on port: 3030 
23.8.2022, 22:49:28 - INFO - Server is running on port: 3030 
23.8.2022, 22:51:10 - DEBUG - Getting Stays (sid: pDE1If2-Bpfs-yHGatR0W8W53MihRPRl)
23.8.2022, 22:52:46 - DEBUG - Getting Stays (sid: 7gBYn2-kraIIZQhTWZ70GaBAVsXQJl3m)
23.8.2022, 22:55:51 - DEBUG - Getting Stays (sid: l0rWul_LMTmje76r6CMCGwDor44L5Aut)
23.8.2022, 22:56:37 - DEBUG - Getting Stays (sid: bxpP9Tk6seFaaYoUjK-pyiWOaqzIIMfY)
23.8.2022, 22:56:44 - DEBUG - Getting Stays (sid: hXwFxcu9ShgJY1x9uPYswLroC0N8E9w9)
23.8.2022, 22:57:50 - DEBUG - Getting Stays (sid: G7CtlI9liurRfMPyUlTMRptSaTl2n4K2)
23.8.2022, 22:58:14 - INFO - Server is running on port: 3030 
23.8.2022, 22:58:19 - DEBUG - Getting Stays (sid: dXewWDUmZoyD4AsXIvsOipDpu3xXKR_W)
23.8.2022, 23:00:22 - DEBUG - Getting Stays (sid: WS-R83lTVZidfVK-IQQ_4steeMksn_zf)
23.8.2022, 23:00:35 - DEBUG - Getting Stays (sid: XMKqgJeXDBqmYFF4MJ4kQo6gJQ2kZKf2)
23.8.2022, 23:01:25 - DEBUG - Getting Stays (sid: XiIs48jP66omuETpYoh9j1qFXYA6bf9G)
23.8.2022, 23:02:49 - DEBUG - Getting Stays (sid: MxoODmgezmoZ97RJWCuLapx_sUSMMTRR)
23.8.2022, 23:03:47 - DEBUG - Getting Stays (sid: 6cOt7NgXJxCYI3G6YqN7iFnUkl9a1GI1)
23.8.2022, 23:04:33 - DEBUG - Getting Stays (sid: b6Ogzd4JsgZi2zKqw4gRVuegkLWMq6Gc)
23.8.2022, 23:05:15 - DEBUG - Getting Stays (sid: CxYzO5MGUY-aUMH6nKGACx8ncmb2GtYJ)
23.8.2022, 23:14:31 - INFO - Server is running on port: 3030 
23.8.2022, 23:14:43 - DEBUG - Getting Stays (sid: PQH3avS3JDNqUOuNQSW8VlTEO9eQzAYE)
23.8.2022, 23:14:43 - ERROR - cannot find stays | {} (sid: PQH3avS3JDNqUOuNQSW8VlTEO9eQzAYE)
23.8.2022, 23:14:43 - ERROR - Failed to get stays | {} (sid: PQH3avS3JDNqUOuNQSW8VlTEO9eQzAYE)
23.8.2022, 23:15:17 - DEBUG - Getting Stays (sid: EWtN8TV49iumpFmDj0-sK1HIYOwwnULp)
23.8.2022, 23:15:50 - DEBUG - Getting Stays (sid: EmFcxPI8IgDS5hQTdim3HBPH6eq3XQ_R)
23.8.2022, 23:15:50 - ERROR - cannot find stays | {} (sid: EmFcxPI8IgDS5hQTdim3HBPH6eq3XQ_R)
23.8.2022, 23:15:50 - ERROR - Failed to get stays | {} (sid: EmFcxPI8IgDS5hQTdim3HBPH6eq3XQ_R)
23.8.2022, 23:16:46 - INFO - Server is running on port: 3030 
23.8.2022, 23:16:54 - DEBUG - Getting Stays (sid: ew7xx5cldLn7brEyBkgs7rPizSv278BA)
23.8.2022, 23:17:36 - DEBUG - Getting Stays (sid: G9twAWpE_Nnf8ocvQCcUurhjzGHyq5MX)
23.8.2022, 23:18:09 - DEBUG - Getting Stays (sid: WyGkiyex_o-69qgqSXq_1h8sZe9LIC0A)
23.8.2022, 23:19:30 - DEBUG - Getting Stays (sid: c7aWmqTF37Yf8qx8AdWZgd5MHKNOm-On)
23.8.2022, 23:20:10 - INFO - Server is running on port: 3030 
23.8.2022, 23:20:18 - DEBUG - Getting Stays (sid: yg8WvbDSEjFer0Oaz_UIiPP3sgECIMR6)
23.8.2022, 23:20:44 - INFO - Server is running on port: 3030 
23.8.2022, 23:20:56 - INFO - Server is running on port: 3030 
23.8.2022, 23:21:04 - DEBUG - Getting Stays (sid: Yxof9dzOvhOc4Tu-QY38kLaA9hDYBFKj)
23.8.2022, 23:21:17 - DEBUG - Getting Stays (sid: uokOlZd9AcGHITuERizrwfHI6BF16d6i)
23.8.2022, 23:21:47 - DEBUG - Getting Stays (sid: j7AOEelACERY4qcAsuVh0OlwwHhfMFsG)
23.8.2022, 23:22:46 - INFO - Server is running on port: 3030 
23.8.2022, 23:23:03 - DEBUG - Getting Stays (sid: tJ8_GIwcKYCtn0Jwib6vgP2bElSSDCxf)
23.8.2022, 23:23:03 - ERROR - cannot find stays | {} (sid: tJ8_GIwcKYCtn0Jwib6vgP2bElSSDCxf)
23.8.2022, 23:23:03 - ERROR - Failed to get stays | {} (sid: tJ8_GIwcKYCtn0Jwib6vgP2bElSSDCxf)
23.8.2022, 23:25:24 - INFO - Server is running on port: 3030 
23.8.2022, 23:26:28 - INFO - Server is running on port: 3030 
23.8.2022, 23:26:32 - DEBUG - Getting Stays (sid: lLW3Idzm8P9mEN7udintTZRiqqVHNCog)
23.8.2022, 23:32:16 - INFO - Server is running on port: 3030 
23.8.2022, 23:33:09 - DEBUG - Getting Stays (sid: _nZStsKeHVjRrXgtkIgXM4ZBDMn-qs54)
23.8.2022, 23:38:07 - INFO - Server is running on port: 3030 
23.8.2022, 23:40:36 - INFO - Server is running on port: 3030 
23.8.2022, 23:42:58 - INFO - Server is running on port: 3030 
23.8.2022, 23:43:04 - INFO - Server is running on port: 3030 
23.8.2022, 23:44:03 - INFO - Server is running on port: 3030 
23.8.2022, 23:44:12 - DEBUG - Getting Stays (sid: qC2CCbwZqyarGlpKsyMKRbA5lXVGgQVA)
23.8.2022, 23:44:37 - DEBUG - Getting Stays (sid: Vs9bFhtV_p4U4lpFfR5cHgVz-T6I3c4h)
23.8.2022, 23:46:25 - INFO - Server is running on port: 3030 
23.8.2022, 23:46:46 - DEBUG - Getting Stays (sid: bXk3PkWEVhqEAM5HmKu9ie8E_OkWgcDp)
23.8.2022, 23:46:53 - DEBUG - Getting Stays (sid: 4rP_J-bwMmrMSJvdw-N7aUrHry_JJ_c0)
23.8.2022, 23:47:03 - DEBUG - Getting Stays (sid: TTA9xLAIrb6UQA7Wb1BKH55_ULs9Ia82)
23.8.2022, 23:49:14 - DEBUG - Getting Stays (sid: hFh4IWCx89_xx7f6VJsa5-eeE2FB4XU0)
24.8.2022, 8:57:28 - INFO - Server is running on port: 3030 
24.8.2022, 8:59:32 - DEBUG - Getting Stays (sid: z9DGg8Iug4r2WR3Z5mC90JvkcLwT2qH-)
24.8.2022, 9:02:06 - DEBUG - Getting Stays (sid: 2dYf4kltV__nAE7kxRh68XF6P-EQiaoO)
24.8.2022, 9:06:23 - DEBUG - Getting Stays (sid: OiihRWwawITBmXEhomkMRraDfZn48Td4)
24.8.2022, 9:08:16 - DEBUG - Getting Stays (sid: LGddThXLPjs5JxLy18xGO_QP83nDwtqF)
24.8.2022, 9:09:50 - DEBUG - Getting Stays (sid: cGi_mGxlTYSNK6xMhXtCUkchn7nF4cEB)
24.8.2022, 9:11:09 - DEBUG - Getting Stays (sid: Nf3OyB56ezhCurwSV7HA2u__4s6nb6Xn)
24.8.2022, 9:11:36 - DEBUG - Getting Stays (sid: ZCnmYFA6QdgcVDAgaBAOWf95FkmwqwlM)
24.8.2022, 9:19:55 - DEBUG - Getting Stays (sid: SafnpvI6Y5-ky31o3X7NYQJiDuDi1EF7)
24.8.2022, 9:26:33 - DEBUG - Getting Stays (sid: _0DAwgkEh9jVMu-hrwPaL5ZAfIUR4FAO)
24.8.2022, 9:27:31 - DEBUG - Getting Stays (sid: MLSZd4s6PYsgwqmuOXpK628MoO9S4DSc)
24.8.2022, 9:30:30 - INFO - Server is running on port: 3030 
24.8.2022, 9:31:22 - DEBUG - Getting Stays (sid: kfdN3fTvYpeegODG0FXg_YAXJHwa_kDF)
24.8.2022, 9:31:38 - DEBUG - Getting Stays (sid: R7EFDDjJ35sHZ1yrW7aGIHEfWPOfZd9G)
24.8.2022, 9:35:34 - INFO - Server is running on port: 3030 
24.8.2022, 9:38:35 - INFO - Server is running on port: 3030 
24.8.2022, 9:41:54 - INFO - Server is running on port: 3030 
24.8.2022, 9:43:38 - INFO - Server is running on port: 3030 
24.8.2022, 9:44:00 - DEBUG - Getting Stays (sid: Vvq3gO9NJUsMTEnAzfkrHfQNbBIRb_yV)
24.8.2022, 9:44:19 - DEBUG - Getting Stays (sid: UzVcIj0f-4IvI0uMgQapepdZvWCGZflw)
24.8.2022, 9:46:26 - INFO - Server is running on port: 3030 
24.8.2022, 9:46:30 - DEBUG - Getting Stays (sid: mYIRoUs4wHQ2hK6A59g6SzaMydUKw4dt)
24.8.2022, 9:46:42 - DEBUG - Getting Stays (sid: G0Sg2XFbHvxCj3wLGVZV8NHO9Wmr1Cc5)
24.8.2022, 9:48:28 - INFO - Server is running on port: 3030 
24.8.2022, 9:48:35 - DEBUG - Getting Stays (sid: SIxS9lWWPR5U5bCSRsJsKREmGf2VpWop)
24.8.2022, 9:48:44 - DEBUG - Getting Stays (sid: UOVUb9o6RKthLHORcFeDEXwGWgr-1H-w)
24.8.2022, 9:49:03 - DEBUG - Getting Stays (sid: XV7yS0LIWTy2YVPXWTrkVndMCf4MhP7i)
24.8.2022, 9:49:17 - DEBUG - Getting Stays (sid: vtgX9m1Oo35-0dzZT5x6xIRbiu37-hBk)
24.8.2022, 9:49:41 - DEBUG - Getting Stays (sid: 89Xhilk0wfCil-9D7DwpfyiXUcGfeIOg)
24.8.2022, 9:50:02 - DEBUG - Getting Stays (sid: AuwIE2Bs5yl1BY9BpMHuRGh2YRsj2AXh)
24.8.2022, 9:51:43 - DEBUG - Getting Stays (sid: 1VqQ9Z7j704svm4_kh2z-GwfefZPxMrZ)
24.8.2022, 9:52:44 - DEBUG - Getting Stays (sid: IA07LnstcDZsWJihp_1PmCBDj7UXaZ53)
24.8.2022, 9:52:59 - DEBUG - Getting Stays (sid: zPfEARXqLwwPsToc8As8I0wUreIk3NPd)
24.8.2022, 9:53:00 - DEBUG - Getting Stays (sid: pyUUzqqQW5FCAtgg9nxsoetkfilqzCQk)
24.8.2022, 9:53:04 - DEBUG - Getting Stays (sid: aR8aYbhjXWmipEx42-awPrRwZGwV5T4C)
24.8.2022, 9:53:29 - DEBUG - Getting Stays (sid: dEnBc6Ly4T1FXU0vS30Fv_EhtbhmljCM)
24.8.2022, 9:53:30 - DEBUG - Getting Stays (sid: m7yNaO7x2m-DADn_x7y2QExHZTBVl6HI)
24.8.2022, 9:54:01 - DEBUG - Getting Stays (sid: l4pVQTz88cWqugw2ORFZSSb8qudDAUtU)
24.8.2022, 9:54:02 - DEBUG - Getting Stays (sid: 62Nsm03u-DZwwPvxuJP94j8DZXl9FSsR)
24.8.2022, 9:54:31 - DEBUG - Getting Stays (sid: wPiD7ao_HdAft9k1MvQGQj3d9OhYj-Lt)
24.8.2022, 9:54:52 - DEBUG - Getting Stays (sid: d6wkb6_4MqXJhMLyrL96YwGh7whjL22O)
24.8.2022, 9:55:02 - DEBUG - Getting Stays (sid: _1siVIv7H977Lq0CcwFppxRQt_usLs3R)
24.8.2022, 9:55:44 - DEBUG - Getting Stays (sid: tDyn32VzJGmrFsmSpXfuMGoyzAgXLalo)
24.8.2022, 10:03:56 - DEBUG - Getting Stays (sid: -yhi_x1xBTnhMAerBCObkXgla1NG3dXT)
24.8.2022, 11:01:42 - DEBUG - Getting Stays (sid: QHRG_ernOFypXLcwHOFFe_GC0JGIFq2C)
24.8.2022, 11:06:09 - DEBUG - Getting Stays (sid: 6PrjDgfGdPScdqdMyk1o5dlSLlr6KLt3)
24.8.2022, 11:08:21 - DEBUG - Getting Stays (sid: p7QJgKb5ajA5GcrzSkfExvpr0JRcHTsh)
24.8.2022, 11:53:27 - DEBUG - Getting Stays (sid: i3JowzWx5wgIPrL5tYzcEvS7-UJLLkln)
24.8.2022, 12:18:43 - DEBUG - Getting Stays (sid: ccP8o44ld3ohqPRYcUkZ1-4DPrTkrIvu)
24.8.2022, 12:47:03 - DEBUG - Getting Stays (sid: oBon2BsJgGolsc5O0M2_674qAHVXbCj1)
24.8.2022, 12:52:56 - DEBUG - Getting Stays (sid: IzbXZ2vRPHinXOCVZBrWwi5gEx27DGPG)
24.8.2022, 12:54:33 - DEBUG - Getting Stays (sid: 2_m1uTCtOvC4Ja-WNU2U2TzrR2ciqmFc)
24.8.2022, 12:57:29 - DEBUG - Getting Stays (sid: nwP4wMXPpnhN4aecM_tudQOQG8EGidNh)
24.8.2022, 13:26:18 - DEBUG - Getting Stays (sid: fnSTdMQbFXuZq6ZuQVDDbQwtcv-Yn45v)
24.8.2022, 13:32:00 - DEBUG - Getting Stays (sid: Ea2X4Vxv_7U_IDMP4gHHWWKtw2KhHW9j)
24.8.2022, 13:37:26 - DEBUG - Getting Stays (sid: mkuH4UZqIqeDm-VVPGcYCRR2lokBljE4)
24.8.2022, 13:38:44 - DEBUG - Getting Stays (sid: Gs4ZEbZU4uwoDPMpC-gp3pGCpp9Rp4Yz)
24.8.2022, 13:48:49 - DEBUG - Getting Stays (sid: fUnLO0EoPpp67M5v_xbsq-ZeVvF_q7f7)
24.8.2022, 14:13:39 - DEBUG - Getting Stays (sid: 7uswj_iFwVG8rZxZYInfmjGHPhrBTmJo)
24.8.2022, 14:14:12 - DEBUG - Getting Stays (sid: irk4KPNldnJ5RF22yPaRZbMSZJwhpKdG)
24.8.2022, 14:15:48 - DEBUG - Getting Stays (sid: CDKFv9Oy5e2cysQcDC4CTZEcd7QNEk8V)
24.8.2022, 14:17:09 - DEBUG - Getting Stays (sid: I5WXBso7kWCP8fPtDVfXslveihBs-hnw)
24.8.2022, 14:17:26 - DEBUG - Getting Stays (sid: CxhpDTq9YVk2w8yTHaRSoQxixAgUCJJT)
24.8.2022, 14:17:38 - DEBUG - Getting Stays (sid: 1y7I6cc4mKf0MgocSUZf62jRSJtIar0U)
24.8.2022, 14:18:19 - DEBUG - Getting Stays (sid: yxgzAQvNf8A1qJT3i-x97oU9L-POHREl)
24.8.2022, 14:18:46 - DEBUG - Getting Stays (sid: UTKVA5C0QqLUvIYBlhZCKfJ1NpvjMiid)
24.8.2022, 14:23:41 - DEBUG - Getting Stays (sid: jgP4A-vsuD3Kak-GDo9lQC1_nXmgvT8W)
24.8.2022, 14:25:14 - INFO - Server is running on port: 3030 
24.8.2022, 14:34:01 - INFO - Server is running on port: 3030 
24.8.2022, 14:34:34 - DEBUG - Getting Stays (sid: dnZ3XLosdcexGc740DGhjTz3lifFIlDZ)
24.8.2022, 14:36:21 - DEBUG - Getting Stays (sid: NeYUx4oBqMpMzkoHZLPQR1-gMeFaAPLU)
24.8.2022, 14:36:25 - DEBUG - Getting Stays (sid: HvxWMmhAfAhKSVUuLbpJYyP5p3dNV9F4)
24.8.2022, 14:43:27 - DEBUG - Getting Stays (sid: DQg5Lt8E6BWwpP0KKe23JfIc-s0SlSlE)
24.8.2022, 14:55:55 - DEBUG - Getting Stays (sid: 20y3q6OtxDOCue53rRYb2LMzVIjfuxvX)
24.8.2022, 15:00:01 - DEBUG - Getting Stays (sid: yllOV2Cda71EdQwoyhEZx9OELphJLv2B)
24.8.2022, 15:00:18 - DEBUG - Getting Stays (sid: 9S-6JkeiXl48o4FoR1_0nxf_oz9Yq59x)
24.8.2022, 15:02:28 - DEBUG - Getting Stays (sid: qzk-1v8T-_mzKJBgbBUa8vkgXxvBekHD)
24.8.2022, 15:10:46 - DEBUG - Getting Stays (sid: rpsJxvKNfE2bbEQwg7Ou1yDvGz1SEhvC)
24.8.2022, 16:22:54 - DEBUG - Getting Stays (sid: SC-lCuWQdYOIlBcD20UwaJsJuCqGC07r)24.8.2022, 16:47:15 - INFO - Server is running on port: 3030 
24.8.2022, 16:48:33 - DEBUG - Getting Stays (sid: apmeTv-V7NvOE41_sswkTelp2aCBf3zi)
24.8.2022, 16:48:59 - DEBUG - Getting Stays (sid: TZn3Vc_eEG-5t8q9gvVKfuSObMzxR5Fx)
24.8.2022, 16:49:11 - DEBUG - Getting Stays (sid: 80SqV1OJBa8mZZGSqiAJAMa-3Ut4Y_tI)
24.8.2022, 17:02:12 - DEBUG - Getting Stays (sid: pocQ21J9e2NcjvGDbUzqNTryMpRmSbtK)
24.8.2022, 17:02:49 - DEBUG - Getting Stays (sid: 3HS4kaNeXTZ7MIYu4znHBn_ideK40rnq)
24.8.2022, 17:04:25 - DEBUG - Getting Stays (sid: VDK7Jg3LhQ8kcoRU6tfGeyHklNkoa5ns)
24.8.2022, 17:04:37 - DEBUG - Getting Stays (sid: OG63VqidXPuYg_am6VLilG1mmfKQZmy5)
24.8.2022, 17:04:52 - DEBUG - Getting Stays (sid: baLJI4N_xAWCx7C-2SZ1iW-8PC-GdCk3)
24.8.2022, 17:07:46 - DEBUG - Getting Stays (sid: E9ow8dt-EZ8II5LlV_glKHlL-2r4mXZb)
24.8.2022, 17:08:07 - DEBUG - Getting Stays (sid: p7obAP1_BVgT7evJHbby6HsJtaz5r7_c)
24.8.2022, 17:08:46 - DEBUG - Getting Stays (sid: o6ObClujBegyQj6G0CerTuDQ_3VowPD6)
24.8.2022, 17:08:59 - DEBUG - Getting Stays (sid: XcrySpod8C054a1Ydhusn3uK6xRoM_KV)
24.8.2022, 17:09:38 - DEBUG - Getting Stays (sid: zG1p2j__SBghlWWymJjavJoisOChn_bm)
24.8.2022, 17:09:49 - DEBUG - Getting Stays (sid: u_tpNv1Rv4J8F0Mu7w_JeHSp7i2z2P3-)
24.8.2022, 17:10:23 - DEBUG - Getting Stays (sid: P1K7IDHS3kr0ESNOImC4jrj1_m7CTzys)
24.8.2022, 17:10:31 - DEBUG - Getting Stays (sid: aJiSUxmLOrdlFfWw7WaCtmtlIqRp_YsG)
24.8.2022, 17:11:36 - DEBUG - Getting Stays (sid: k50OUER1hX07FxwtFbIOLZB2bTCvwVbq)
24.8.2022, 17:13:53 - DEBUG - Getting Stays (sid: PS4BNjq1Vuo9waai5xI1DfuIaxgw3xGd)
24.8.2022, 17:15:13 - DEBUG - Getting Stays (sid: QBr34zHPulrR8TzDIyTXJgwfYml86wdq)
24.8.2022, 17:16:35 - DEBUG - Getting Stays (sid: 3oSvZizRNgXwPSOmF-JYPt68s0aKKtX6)
24.8.2022, 17:17:26 - DEBUG - Getting Stays (sid: R1akDvRWUz49DZmJ2lzNETqpEYwbkX5_)
24.8.2022, 17:18:03 - DEBUG - Getting Stays (sid: u7DzliturjuB-jOB3befKfnMHSiRUjVU)
24.8.2022, 17:18:21 - DEBUG - Getting Stays (sid: u2NIZ-zXE_Mw4w_YvLT5HNgP67QcI1LD)
24.8.2022, 17:18:32 - DEBUG - Getting Stays (sid: t26vENPy_obqkcAG92cHw_OoQxfr0YZY)
24.8.2022, 17:18:39 - DEBUG - Getting Stays (sid: RVPs-Br34bSR1J4lf0VgeIlCqjsjHxwr)
24.8.2022, 17:19:28 - DEBUG - Getting Stays (sid: ntoTbBNLiaaNfUGoDIjXEGcG98ccxSpj)
24.8.2022, 17:19:33 - DEBUG - Getting Stays (sid: Nenpa15_K-hmnPl2_b9vfXT3mRV6Q662)
24.8.2022, 17:19:35 - DEBUG - Getting Stays (sid: tIQdeD74ObeBfLt6HQBiJrAploP5gKp8)
24.8.2022, 17:20:52 - DEBUG - Getting Stays (sid: xKQhA1eYCq2bRKBFwBKhjKvpsezfTkvQ)
24.8.2022, 17:23:54 - DEBUG - Getting Stays (sid: Ks4A9Abvju_EOHZNNZ-9LbdDi0uDAPeH)
24.8.2022, 17:24:30 - DEBUG - Getting Stays (sid: TOo5goSDDJnyTSessHpqSVtzQa6teXIu)
24.8.2022, 17:24:44 - DEBUG - Getting Stays (sid: 95XZlMjemWK2MmlFaq2GnaN0j3Jrd4da)
24.8.2022, 17:27:44 - DEBUG - Getting Stays (sid: hbJ1xv0bgH44Hp7WhyN893FJ9URF4cMi)
24.8.2022, 17:28:40 - DEBUG - Getting Stays (sid: halgkVz-UQR4yxcObdt1v3VOGFsxSxXi)
24.8.2022, 17:29:21 - DEBUG - Getting Stays (sid: l0DZbVARnaP2vbrhZMgnxChG3UOgOPTp)
24.8.2022, 17:29:33 - DEBUG - Getting Stays (sid: DF3C9qu_iChHWhFPCIIcuHDoKFnv-kYi)
24.8.2022, 17:31:17 - DEBUG - Getting Stays (sid: Esgw8D7_f7nDPV32gdBxwGxN6OaOJAne)
24.8.2022, 17:31:26 - DEBUG - Getting Stays (sid: zTbT3aghYvfPkTcUe4HFXHjqcyfELTGZ)
24.8.2022, 17:31:38 - DEBUG - Getting Stays (sid: Cxwo29HQy0A1ifwJ__5o_wez7swFvcjb)
24.8.2022, 17:31:50 - DEBUG - Getting Stays (sid: 4YV6mbO7zxrXSzAxCvIozp6m-lTcbund)
24.8.2022, 17:32:24 - DEBUG - Getting Stays (sid: cURwiPFzn8F_zcR9_0meoAd3gdCR8J-4)
24.8.2022, 17:33:12 - DEBUG - Getting Stays (sid: Yy1OPRR2dFe0-LqeGGiV5Ec0K8BQ3SEY)
24.8.2022, 17:33:22 - DEBUG - Getting Stays (sid: QGkzF2QtrxHi9BHKifC8aJ5T4uH4eY18)
24.8.2022, 17:33:35 - DEBUG - Getting Stays (sid: w_EoNRXukhcjobdEH0tsfUgu3QR-PQQ2)
24.8.2022, 17:34:58 - DEBUG - Getting Stays (sid: E7NIlVKLYtt6h0Gf_hPFngQuWH8dfK4z)
24.8.2022, 17:35:06 - DEBUG - Getting Stays (sid: lUSjtOUJRISXb_RXR5557Bbeh-2sLpID)
24.8.2022, 17:40:26 - DEBUG - Getting Stays (sid: 1UWXy9xt6nL2QkaapSgIxBheoV43H8wf)
24.8.2022, 17:40:39 - DEBUG - Getting Stays (sid: kNYFhXfG2cPxNAaBML7egoFXMvxITTXT)
24.8.2022, 17:41:22 - DEBUG - Getting Stays (sid: IUw8ZGdoLlbUul2BcnbRaEC_fgb2LCAC)
24.8.2022, 17:43:24 - DEBUG - Getting Stays (sid: cmRwJ4n---gioQnJ9ibXHM9gG_xMQz_P)
24.8.2022, 17:43:32 - DEBUG - Getting Stays (sid: OTZTAZ2OreviDsLRuokEvLHZtMy9dZu6)
24.8.2022, 17:45:06 - DEBUG - Getting Stays (sid: ALOiO0zoyw3I76Sq7Bs8rNK_12KLSuw4)
25.8.2022, 7:32:35 - INFO - Server is running on port: 3030 
25.8.2022, 7:32:58 - DEBUG - Getting Stays (sid: Dh-1SoEbctly8qBskCOR_ELwQhwDLuav)
25.8.2022, 7:36:01 - DEBUG - Getting Stays (sid: Ec3ETpQFsSxXSSD9xsSMslWISFhI3i4H)
25.8.2022, 7:37:30 - DEBUG - Getting Stays (sid: FKJpfR2E108-sVTzTmwTWX6xeDs-zLu1)
25.8.2022, 7:43:55 - DEBUG - Getting Stays (sid: iVIp_F9shg23v1n35PP2uEpyiWFVv6KK)
25.8.2022, 7:44:29 - DEBUG - Getting Stays (sid: B3W8mvQrjUTlvj65x3b5_S8BC8Qti_dN)
25.8.2022, 7:45:09 - DEBUG - Getting Stays (sid: G1DGlDzXrxoxnp6Sqr-QG-tAyjcg7DqC)
25.8.2022, 7:54:44 - DEBUG - Getting Stays (sid: --smaMPdzk7FQeYVh9KURJ9BSjOHiRPh)
25.8.2022, 8:01:49 - DEBUG - Getting Stays (sid: 3EGwvA6bjeo_dnarZdDFMUWMZfa2MdW9)
25.8.2022, 8:03:21 - DEBUG - Getting Stays (sid: W8-LrEsRrygnFg6pdT4X3wVTprVxR43j)
25.8.2022, 8:19:17 - DEBUG - Getting Stays (sid: wRiwjqbkFhDrd3xHyP0wuygOMwZV8XPw)
25.8.2022, 8:19:42 - DEBUG - Getting Stays (sid: Px2DxL50uYLqOBGQHOjs9jpTfEmIpqdR)
25.8.2022, 8:25:06 - DEBUG - Getting Stays (sid: 98eR0KvppWbX1pMVgn-ifXg8tp3WejPB)
25.8.2022, 8:25:25 - DEBUG - Getting Stays (sid: Ra9XckE9N0Zdrl-t4geI2VgQUBLZXMpB)
25.8.2022, 8:26:58 - DEBUG - Getting Stays (sid: 2FDgA2FiqGBqozJ9Prv4QzNXvqZBnTdX)
25.8.2022, 9:23:28 - INFO - Server is running on port: 3030 
25.8.2022, 9:25:53 - DEBUG - Getting Stays (sid: T0xpmop-JZsbrJLpjtLkG-X6tr7XdKj6)
25.8.2022, 9:29:49 - DEBUG - Getting Stays (sid: 8mCwa9gfHbgWyTxuHkaYyEWN82ydsEkG)
25.8.2022, 9:38:11 - DEBUG - Getting Stays (sid: kMil4xreDA8OzRVuIHZhapjMc3YiSg5B)
25.8.2022, 9:40:59 - DEBUG - Getting Stays (sid: No0zwhOsa70YOLbySKVorGZ9leVqW_W1)
25.8.2022, 9:41:46 - DEBUG - Getting Stays (sid: eIytFQFPAFgFv2mDO3GN2jZfNth1XqYT)
25.8.2022, 9:42:02 - DEBUG - Getting Stays (sid: Lq3xziG9hI6pH5rLKDbYcVS0fY2jMeba)
25.8.2022, 9:42:12 - DEBUG - Getting Stays (sid: tfh6RTTGTN4i4gxAinr6LvzjLTOT_8wk)
25.8.2022, 9:42:34 - DEBUG - Getting Stays (sid: cH9t4IDWOaDb2q0MYo6h4Ed5cnyPnElm)
25.8.2022, 9:44:55 - DEBUG - Getting Stays (sid: nDUKYW6JHMNsNB6M-fK2xJJkMUbAMWPz)
25.8.2022, 9:46:34 - DEBUG - Getting Stays (sid: Zp0ieSQukFcKlY31uJg4_kXeBR4Sv1JT)
25.8.2022, 9:47:56 - DEBUG - Getting Stays (sid: QDayF6A05ctH7ZmntnzjqtaMFRLo6zAf)
25.8.2022, 9:48:10 - DEBUG - Getting Stays (sid: CU0h6MD5601TdaP-Lypt1oKzJlzw1KF8)
25.8.2022, 9:51:55 - DEBUG - Getting Stays (sid: q8UHsYBuvtgxqhXdPyS0m4G74fSobW1Z)
25.8.2022, 9:52:18 - DEBUG - Getting Stays (sid: 7mxxmh_Lxa07Gc6uH05j7TiBVk0IWDsb)
25.8.2022, 9:57:44 - DEBUG - Getting Stays (sid: NlYWCOOsL_nMK10wvYRTKUJwe4AxaVtW)
25.8.2022, 9:57:54 - DEBUG - Getting Stays (sid: BTG5GwCSaHsrmFH1Po60VF9ofvcHQFlv)
25.8.2022, 10:19:01 - DEBUG - Getting Stays (sid: ATYl4XnmjbO6U7_ZtIrfFDUTP4MWudNn)
25.8.2022, 10:22:26 - DEBUG - Getting Stays (sid: J738TYueWdXHWg5iN0VTEuHpr7695cI7)
25.8.2022, 10:23:59 - DEBUG - Getting Stays (sid: R0hpsYx_Tqo5m7OVKXd7S6hFEAUmxUd6)
25.8.2022, 10:26:23 - DEBUG - Getting Stays (sid: xM1iOd7dV-9dYESfQpEEyWobfXOSyuv7)
25.8.2022, 10:26:38 - DEBUG - Getting Stays (sid: YIMSFycRpLRgESyJDjDC5myA74GUa_Fh)
25.8.2022, 10:26:49 - DEBUG - Getting Stays (sid: 2F9L7mR35aQk0_zHmAeTkxodc2xGZ9k7)
25.8.2022, 10:30:08 - DEBUG - Getting Stays (sid: RLdr2q67NkmdBqnSGUj8c_NFXRDhFMZg)
25.8.2022, 10:36:17 - DEBUG - Getting Stays (sid: yljoc1lax2VcrfUgCib1BniB08zpl_KG)
25.8.2022, 10:39:55 - DEBUG - Getting Stays (sid: -JsDCLxFMMtNxVbiLgocBZ-QUJYw2AsL)
25.8.2022, 10:40:53 - DEBUG - Getting Stays (sid: ul1aVewhNKbpUUuu75Kk1wa98epjRJwh)
25.8.2022, 10:42:18 - DEBUG - Getting Stays (sid: QK1xZez3xmHl_m8AcVi5KfMLWsecQ8T2)
25.8.2022, 10:43:28 - DEBUG - Getting Stays (sid: cBVEw5YienIeniXL3IHGNs5VB2h-pskY)
25.8.2022, 10:44:39 - DEBUG - Getting Stays (sid: DUOy20GAMkpxWz8cUJpUhHtDOsa5FwF6)
25.8.2022, 10:45:46 - DEBUG - Getting Stays (sid: gRFCW-HGj13__Hz_EfDKZO4EMLeQrmv7)
25.8.2022, 10:56:49 - DEBUG - Getting Stays (sid: L-cJPzbUUosvwVb1kBCKmRVfJJhnS2AA)
25.8.2022, 10:57:10 - DEBUG - Getting Stays (sid: sWhJwMAXhZFcTIU0eoAyDUNyUfoUWnSt)
25.8.2022, 11:11:35 - DEBUG - Getting Stays (sid: IeNHHrQp39GsuZdilJHKDk6fqD36fcHP)
25.8.2022, 11:16:47 - DEBUG - Getting Stays (sid: bR92awB9d6bhnVIKdtkaefzASvxPi_IG)
25.8.2022, 11:21:25 - DEBUG - Getting Stays (sid: uESzPpRFmwwZIkfsNwMF1QoZGbhkKdYr)
25.8.2022, 11:27:29 - DEBUG - Getting Stays (sid: tEGP-nlf3erGVkrE2jKNgb3hP41pFZk9)
25.8.2022, 11:34:06 - DEBUG - Getting Stays (sid: CFq2cq0GefDuGvXUXw8v___8GuLGmVG3)
25.8.2022, 11:37:02 - DEBUG - Getting Stays (sid: 65SFyJDOoHGEpDP3sPo_ZpI2QYJCJzIw)
25.8.2022, 11:37:49 - DEBUG - Getting Stays (sid: crIk6dPYwxoRFFNc3_QW5kVZJ0mX_7Rk)
25.8.2022, 11:38:20 - DEBUG - Getting Stays (sid: lxWXlo5jkVnHtz7G_1pJvSj23WR216k7)
25.8.2022, 11:38:36 - DEBUG - Getting Stays (sid: QIDVIiPB_HWlxFnHhS_C8tVqu5RThlMh)
25.8.2022, 11:38:41 - DEBUG - Getting Stays (sid: snkvqdZWpEX49nRnnYri9p_9XvJoGZSx)
25.8.2022, 11:38:46 - DEBUG - Getting Stays (sid: nYRXa-uu9wmj_0crGqldLUOY9CpEsCLh)
25.8.2022, 11:39:29 - DEBUG - Getting Stays (sid: pytgDlPwl4FVPmV61f2VkkIenW0xSziE)
25.8.2022, 11:40:16 - DEBUG - Getting Stays (sid: RtdBKZfivytAfWxZj26FHh0OIm3JMwK2)
25.8.2022, 11:44:15 - DEBUG - Getting Stays (sid: ImstzwVwraAKFFyh0RzTvx3L8NO4zczz)
25.8.2022, 11:48:01 - DEBUG - Getting Stays (sid: s_mgUdN8o-eeSBE3DgumNnHlhOrprcEf)
25.8.2022, 13:27:20 - DEBUG - Getting Stays (sid: Va7eX5m5_Qg54cY1MF9xo00tE3vEznlw)
25.8.2022, 13:28:32 - DEBUG - Getting Stays (sid: 2CWtEMjHDNRlsp3SZ8Qo3E2JrQmYQF7O)
25.8.2022, 13:28:50 - DEBUG - Getting Stays (sid: 1wiiSqIxJITguJLkAtfjjkaR9e6E66gq)
25.8.2022, 13:28:53 - DEBUG - Getting Stays (sid: gPBQVaZWj-1mV0SO89npEtVUwvOJclj3)
25.8.2022, 13:31:00 - DEBUG - Getting Stays (sid: 0zSEW0O71jeO2XevfMUea08IM800IHic)
25.8.2022, 13:31:02 - DEBUG - Getting Stays (sid: K5__dejg2pqsR2-99snhtRy_iXQDHJCW)
25.8.2022, 13:50:01 - DEBUG - Getting Stays (sid: UGGqwU_fum8mxkNNgQsuULeYQZkp1BWe)
25.8.2022, 13:50:15 - DEBUG - Getting Stays (sid: IO2GeH-FVFBNkbM6bm8gVs8ISnRA5HWT)
25.8.2022, 13:50:20 - DEBUG - Getting Stays (sid: VjzpuCOEG9DVFnkAsUPUYvDYAJCip8oh)
25.8.2022, 13:52:27 - DEBUG - Getting Stays (sid: FPsEF1wZSs3EhUeghys06Z8PUi6M98AY)
25.8.2022, 13:53:19 - DEBUG - Getting Stays (sid: bkL63Y04N1JAhgkfQ4iEGH8SfK-1yy0k)
25.8.2022, 13:55:18 - DEBUG - Getting Stays (sid: ZV0Ov8aC2l7oyuMxAa1QChGRSpkHb1Op)
25.8.2022, 14:00:15 - DEBUG - Getting Stays (sid: -kKhyb1xCa5EhOXPLr5LdV4eYNlTcqNk)
25.8.2022, 14:04:24 - DEBUG - Getting Stays (sid: 8DtLs3bJa6KG71uN_jx3lx2x0gnQgSNi)
25.8.2022, 14:06:04 - DEBUG - Getting Stays (sid: E2RWlPYWFQeUpud3uNpnB7Y629z2E8db)
25.8.2022, 14:06:18 - DEBUG - Getting Stays (sid: _5O_JSsMfuE4hbB6iwg7iejErQL66DeP)
25.8.2022, 14:06:30 - DEBUG - Getting Stays (sid: LgguyncLPEuCqtb30OB65AMH6DMs9oxS)
25.8.2022, 14:07:35 - DEBUG - Getting Stays (sid: U_L7yHG5Uc7iWDp3xhQ9oHzknS7fJafe)
25.8.2022, 14:08:04 - DEBUG - Getting Stays (sid: UVH-ppalce5GhGUfDx-9x8AauorylZtG)
25.8.2022, 14:08:11 - DEBUG - Getting Stays (sid: WT4TE2cyKPVFtJIwP2f2FnTnkjfgB7Vc)
25.8.2022, 14:08:48 - DEBUG - Getting Stays (sid: 4EVJa3LjLyuy5rEkOTG3Ok9qMVjzTSQI)
25.8.2022, 14:08:55 - DEBUG - Getting Stays (sid: P_UNol0AArmsUaq7GEEw2qtoFYmJEYgy)
25.8.2022, 14:10:09 - DEBUG - Getting Stays (sid: PELvht-hDUVd1rIHXAKmcN_ZdPqpc70-)
25.8.2022, 14:10:10 - DEBUG - Getting Stays (sid: B60V05vKBXXvK6bOkeRVu-nOEFhoSmBs)
25.8.2022, 14:10:36 - DEBUG - Getting Stays (sid: e2s7F3wJ83NgqyajmoqnnFqXWHyrmeQy)
25.8.2022, 14:10:51 - DEBUG - Getting Stays (sid: 51WzoiSriOyb3gKqJkpRWZTOTeEgnwpC)
25.8.2022, 14:10:58 - DEBUG - Getting Stays (sid: jnxgv9Cn-Y9lqBhEPb4DuQ4gzXs2u2Ex)
25.8.2022, 14:11:15 - DEBUG - Getting Stays (sid: 2jaLfN1rBoE0fesZCgtPolkiG1zpRLsM)
25.8.2022, 14:13:44 - DEBUG - Getting Stays (sid: mktuybPNCICmPfRiKHhRC8FCimQcXtVg)
25.8.2022, 14:14:10 - DEBUG - Getting Stays (sid: E7VIlxMRZ_Pvbmf6B-TL6R74cFvQV2QZ)
25.8.2022, 14:14:20 - DEBUG - Getting Stays (sid: kJSANuiXfD9eh7hTACAkxQLmyh5BgftC)
25.8.2022, 14:16:56 - DEBUG - Getting Stays (sid: LAIf6lV_gx8rSRpRIsMvzj5IAueKpEtF)
25.8.2022, 14:18:36 - DEBUG - Getting Stays (sid: PwHEBVH-4vP-chZBMqy2S6wKVdh6veqY)
25.8.2022, 14:19:26 - DEBUG - Getting Stays (sid: E6Ao-6Edr2zrUPmWA9SR4H5EjKtYi9Is)
25.8.2022, 14:19:45 - DEBUG - Getting Stays (sid: KiN_un55y2DCAejOzN5wUVjeSEcpT2LI)
25.8.2022, 14:22:35 - DEBUG - Getting Stays (sid: bEQHq4CZil89WcDm-mVxbKDyj8GpGnyS)
25.8.2022, 14:22:57 - DEBUG - Getting Stays (sid: VnqA6ym_Pa6-te1xb3v59tFWJk6E01sP)
25.8.2022, 14:23:07 - DEBUG - Getting Stays (sid: QlgfXfNib2S40ij060tu100etEX90A0Q)
25.8.2022, 14:25:11 - DEBUG - Getting Stays (sid: lqU9zc19Hr5bKsBzj8wJPvdbr2fA_yZ3)
25.8.2022, 14:25:28 - DEBUG - Getting Stays (sid: F0zwVhUANaJabFNNS3nH__-V5U4ElQ-d)
25.8.2022, 14:26:19 - DEBUG - Getting Stays (sid: nHX0MrEEL6YVDh4jPpTitP0iSEdlihCQ)
25.8.2022, 14:26:32 - DEBUG - Getting Stays (sid: 2aH8-Nsj2-zGYQgwcr0dUthyZQ5-zKiP)
25.8.2022, 14:32:10 - DEBUG - Getting Stays (sid: ORPGbtMS2M9WWp6qNPONkBZ2BqSwHdGM)
25.8.2022, 14:36:27 - DEBUG - Getting Stays (sid: JzHmVgIihs31oDgDlHzDl2MNKfIZPzt9)
25.8.2022, 14:39:00 - DEBUG - Getting Stays (sid: vzcRsPiC-8-urjUM6eZafqzvUq5WVfae)
25.8.2022, 14:42:16 - DEBUG - Getting Stays (sid: xwfLGFJsbGlTTKpOAcr4lniQ5_fpnS-A)
25.8.2022, 14:43:26 - DEBUG - Getting Stays (sid: xIIsCqiebPBgOYLs7nonVcNz9O-xicEq)
25.8.2022, 14:44:13 - DEBUG - Getting Stays (sid: xcBGDNtAQ0gkdoBUwAfK-u54sAEOh7We)
25.8.2022, 14:48:28 - DEBUG - Getting Stays (sid: nXa_b-E2Yuf58MgfzsXJdFVboXL6hqjn)
25.8.2022, 14:48:37 - DEBUG - Getting Stays (sid: E5fvLrd4IJ32UTDHhhbpQaGlSsDNu2oT)
25.8.2022, 14:48:48 - DEBUG - Getting Stays (sid: pF-iC7m0gpUumqDBZSTlNir-nC7ORKhd)
25.8.2022, 14:49:34 - DEBUG - Getting Stays (sid: eCuO9A3xOmB9iZYc3CYd4ZWpL46yw8l4)
25.8.2022, 14:49:41 - DEBUG - Getting Stays (sid: 1uoLwq_GaOGsyu7nENvYvYLbB7SG25r0)
25.8.2022, 14:50:50 - DEBUG - Getting Stays (sid: uH9bXQNIitDNvRF9fPySpHHSaIE-mft9)
25.8.2022, 14:51:09 - DEBUG - Getting Stays (sid: dMvszoXM4JKN4boaNJbf73jWmpdDBhxT)
25.8.2022, 14:51:45 - DEBUG - Getting Stays (sid: 4MAoMeJvkDmpTllBjNPv9vKEZcIQlzdh)
25.8.2022, 14:54:30 - DEBUG - Getting Stays (sid: J1CdU8ajxPdT4EdB78xbuflJ4UsOqs0V)
25.8.2022, 14:54:39 - DEBUG - Getting Stays (sid: 2HLCdigHsDgza-RU6ZvlpnKeG58oOxvy)
25.8.2022, 14:55:00 - DEBUG - Getting Stays (sid: XrT0jNClE3yyWwUL7pcmLx2t5rpP7QBx)
25.8.2022, 14:56:02 - DEBUG - Getting Stays (sid: wxlAHS6rHnu79Tlgw6I5keY_i4I7U5-8)
25.8.2022, 14:56:16 - DEBUG - Getting Stays (sid: vX9ptmloA30kCdSM3hCS6UCDqVo6J4mS)
25.8.2022, 14:57:11 - DEBUG - Getting Stays (sid: GjN_3hcCQAXi5oYHhWnb6gGjM7kgd5Dj)
25.8.2022, 14:57:39 - DEBUG - Getting Stays (sid: tgg7_LpAK8nFuCk1P2PyMnPblNWUn3pC)
25.8.2022, 14:58:18 - DEBUG - Getting Stays (sid: 6WbUEMhXfhxlDM0JEmj7Fr0NtuQTUZzg)
25.8.2022, 14:58:44 - DEBUG - Getting Stays (sid: Ue56kcgK9cRqB_o6g6RSP9z3cwjSTC1X)
25.8.2022, 14:59:02 - DEBUG - Getting Stays (sid: NyBwS4qGPr-PcxkJvq68QufOhv8ecFSX)
25.8.2022, 14:59:13 - DEBUG - Getting Stays (sid: jlBwzCdt60tzkAqYvkDU4TA9HdM0r8ww)
25.8.2022, 15:00:04 - DEBUG - Getting Stays (sid: 9XITPkAFgutLiHZia447Wd_v5PQd6vP1)
25.8.2022, 15:00:08 - DEBUG - Getting Stays (sid: wov0vlIZEM-wBZ_o11NAJJ2vj00MXPoH)
25.8.2022, 15:00:16 - DEBUG - Getting Stays (sid: kPEgQ-qM4pLwxw6tvTLKEAE-phqufzl2)
25.8.2022, 15:00:50 - DEBUG - Getting Stays (sid: jUnH54X6nSsc9eGT_crRhCzsKrVCRVbH)
25.8.2022, 15:03:00 - DEBUG - Getting Stays (sid: c5ALXL3SfSBbxnrabbHprH3kVreJjIAF)
25.8.2022, 15:05:46 - DEBUG - Getting Stays (sid: 54fOnRCD5Go5cQv3WMPagWGr_Gx8dO7_)
25.8.2022, 15:07:01 - DEBUG - Getting Stays (sid: 0iw5ZX92cap3agYLshjLdzsS4H9qkKRZ)
25.8.2022, 15:07:23 - DEBUG - Getting Stays (sid: 1DUIwBHH6Zg9nnpa_1hNL4iJkd_F7WgN)
25.8.2022, 15:07:29 - DEBUG - Getting Stays (sid: DCgeGExF5g-nusoAC7JoCvPfAuzVlFBf)
25.8.2022, 15:09:39 - DEBUG - Getting Stays (sid: xWWovWHeq4ISSMN90Pi6eW1x1IGf31Qc)
25.8.2022, 15:13:20 - DEBUG - Getting Stays (sid: D79MXItGB15ydR2J_3uH69T0Qr5OTyDH)
25.8.2022, 15:13:34 - DEBUG - Getting Stays (sid: SXKoZmsMzK3NxNyZSXcCP32WJZq5Yi0t)
25.8.2022, 15:17:34 - DEBUG - Getting Stays (sid: QM2nwlF45nF53AgQdV8PDTZWJ_Y-wAHM)
25.8.2022, 15:17:51 - DEBUG - Getting Stays (sid: WKD9Y3hYvtw_R9ElJ0HdzDCfBxRuK0ff)
25.8.2022, 15:18:02 - DEBUG - Getting Stays (sid: hgRdRF13fOhW4UyAPIkThErGCDiEA-Mf)
25.8.2022, 15:18:06 - DEBUG - Getting Stays (sid: CaH_DUjV1g5k7CLVSlaeo0-4Nf8WQEFq)
25.8.2022, 15:27:04 - DEBUG - Getting Stays (sid: 4ezBXdhDB7IxFdvYGsXmTxfGOfY-61fI)
25.8.2022, 15:28:24 - DEBUG - Getting Stays (sid: hvO3gzbEu8Ll27Dom6PFIE0aa8KSDFmo)
25.8.2022, 15:29:41 - DEBUG - Getting Stays (sid: Gl2fc1G4-hBfLsoWNDBcRT5aOhYyUbcZ)
25.8.2022, 15:33:28 - DEBUG - Getting Stays (sid: cAw9ZTwystoULfmc-3xturbnQuZY2V0B)
25.8.2022, 15:37:01 - DEBUG - Getting Stays (sid: dS4cZsNyiLx0myaRu6FJPBN9Kww8u4eR)
25.8.2022, 15:38:03 - DEBUG - Getting Stays (sid: 3E5QwrWSOjM1FUVk5CElYaKd166tD3wI)
25.8.2022, 15:38:19 - DEBUG - Getting Stays (sid: Z4tvUlGDSfPBbXAUL7MLqHWXNw8JFlEk)
25.8.2022, 15:39:14 - DEBUG - Getting Stays (sid: kZUWzYcAclRmA27N0KmuYp1Oz7OiAfIH)
25.8.2022, 15:39:29 - DEBUG - Getting Stays (sid: aH1Kwp92PdxzJrzIJZHFUEQ_7IXgtqlR)
25.8.2022, 15:39:52 - DEBUG - Getting Stays (sid: 2oafEIJxBu5pJ1SUcigCkQhBgmxwgT31)
25.8.2022, 15:40:39 - DEBUG - Getting Stays (sid: ZYTNWryi43n973qXFV7cxZuJm7__HLtf)
25.8.2022, 15:40:48 - DEBUG - Getting Stays (sid: sGD0jj5Drc5oDBPVgr-Gc2-56qwbxeQm)
25.8.2022, 15:41:01 - DEBUG - Getting Stays (sid: nx5y5YkSotb9Gjkbj_rF9Ay3Qv2BrGbO)
25.8.2022, 15:41:12 - DEBUG - Getting Stays (sid: _mZW1A9VFPVt5zOMWVX7zQ5ymGqBIjrU)
25.8.2022, 15:41:24 - DEBUG - Getting Stays (sid: CA_ZtxrqZBEU4ArVaG0qQfzC2bE1GgwU)
25.8.2022, 15:44:06 - DEBUG - Getting Stays (sid: mVrWUcJlAsT_w4AWep-e1rciWt05WZXj)
25.8.2022, 15:46:27 - DEBUG - Getting Stays (sid: A0RCCJk7xy4VJYWuHCiWu45bhxZjWyjI)
25.8.2022, 15:46:38 - DEBUG - Getting Stays (sid: cThct0qFOG-vYlwAwutt3M-A0BmY6G0R)
25.8.2022, 15:51:13 - DEBUG - Getting Stays (sid: Tcd9XZsgcW7_LqUhMkgY6X6Fqx7IfvR9)
25.8.2022, 15:51:38 - DEBUG - Getting Stays (sid: N2dMlj9NPkEu58MtPFgzWgvhVP1vHku_)
25.8.2022, 15:51:46 - DEBUG - Getting Stays (sid: M-OIDInnzdUuHdH6wz7ETSnGRjPPGPgE)
25.8.2022, 15:53:02 - DEBUG - Getting Stays (sid: G2wVNRfyV1tV2Rvo31mjcet6Y61sOmjR)
25.8.2022, 15:53:11 - DEBUG - Getting Stays (sid: 9tKCDbqt5nBhHnK-y5I0AIW0UqD_NFfB)
25.8.2022, 15:53:20 - DEBUG - Getting Stays (sid: QBUq8Z3We6aP25FRYpKRJr5f5SBSdGnM)
25.8.2022, 15:53:32 - DEBUG - Getting Stays (sid: oA7ATVQzQSg7Js0Hda-cCOPr-t0uiRMN)
25.8.2022, 15:53:42 - DEBUG - Getting Stays (sid: 9HO4nPTNV5QTKsjP1noDrSto_kRiUjCu)
25.8.2022, 15:59:22 - DEBUG - Getting Stays (sid: m4f5u7P8emaJkNk07B5_hMCCCxMD9ZjU)
25.8.2022, 16:00:02 - DEBUG - Getting Stays (sid: 8j7NDdTMxn4KbQZkGIImC5jZLp8QJ5qH)
25.8.2022, 16:03:39 - DEBUG - Getting Stays (sid: 0RLLNWpo76ivzhKGhWVjJSI8-1dyhyOV)
25.8.2022, 16:03:47 - DEBUG - Getting Stays (sid: AzYm1AGdRs71LoayOOSDpeZSWqdBsFUA)
25.8.2022, 16:04:59 - DEBUG - Getting Stays (sid: 0o8z8rYdgrp91k7lAZuukA_vAvw7JY8G)
25.8.2022, 16:05:08 - DEBUG - Getting Stays (sid: ar5Hi_7oyraOqVIgwVHFI9h1owf6t5yK)
25.8.2022, 16:07:17 - INFO - Server is running on port: 3030 
25.8.2022, 16:07:33 - DEBUG - Getting Stays (sid: M7pojf-HN_vgtqQ5qKBVWv0WgsmC-9_V)
25.8.2022, 16:10:38 - INFO - Server is running on port: 3030 
25.8.2022, 16:10:48 - DEBUG - Getting Stays (sid: FTHzbFp-mXg0E0BVY3Q0alIZ5tlS7oVw)
25.8.2022, 16:14:57 - DEBUG - Getting Stays (sid: IwgW_lnPoxIgZ2XYpntB4kL_OOm14NbN)
25.8.2022, 16:15:43 - DEBUG - Getting Stays (sid: ISKMkWx0EOUkPp-J5vrZ9LsJWp1jaaG1)
25.8.2022, 16:15:55 - DEBUG - Getting Stays (sid: lHccDiVhndaUKHL_llAxD1tFLf0NTWms)
25.8.2022, 16:16:30 - DEBUG - Getting Stays (sid: 46GY6zMFcPCOQc5W1QmvbZOWyOFGkys7)
25.8.2022, 16:16:45 - DEBUG - Getting Stays (sid: hvLxznROpnBeS3ViAWrkc5X-37ISTmQ4)
25.8.2022, 16:17:35 - DEBUG - Getting Stays (sid: HnlYD7jqstvNlHOT-bRVg7nJlhK2MN47)
25.8.2022, 16:17:49 - DEBUG - Getting Stays (sid: OHVeCbCkt9G6b-i4ZpA1a6Kcc2VZ5YVe)
25.8.2022, 16:18:20 - DEBUG - Getting Stays (sid: mq9_HSNsA1lg-uv0JduMwqBss4zvUYPE)
25.8.2022, 16:19:02 - DEBUG - Getting Stays (sid: QxKzKQOu2N8d2J8RsxJ7bxgEx9k_2qNU)
25.8.2022, 16:19:36 - DEBUG - Getting Stays (sid: GDb70AhlhCmMCCM2u7DB2eDNXuT6xnUB)
25.8.2022, 16:19:45 - DEBUG - Getting Stays (sid: _dpMM7QRBDumQgtSBQAtbNmg7fNgYH_q)
25.8.2022, 16:20:01 - DEBUG - Getting Stays (sid: xH_i6sFWcdwzPlx91rN6r3XaFTZd243v)
25.8.2022, 16:21:24 - INFO - Server is running on port: 3030 
25.8.2022, 16:21:46 - DEBUG - Getting Stays (sid: IxB4_w5LfqS9xsfVbAKdV7NB8NH9zAKT)
25.8.2022, 16:21:56 - DEBUG - Getting Stays (sid: cVvlTXPfS4dB9nuSJNLDkQVbpA2I8Ze7)
25.8.2022, 16:22:26 - INFO - Server is running on port: 3030 
25.8.2022, 16:22:31 - DEBUG - Getting Stays (sid: j26_X2kuKCAvH5-KdUh9tId52o-bgnjB)
25.8.2022, 16:22:54 - INFO - Server is running on port: 3030 
25.8.2022, 16:22:57 - DEBUG - Getting Stays (sid: WkzsfxO7uQ8LtgBZD4k4DZFYer4wD1s2)
25.8.2022, 16:23:10 - DEBUG - Getting Stays (sid: 7RRmlPaKGxQ-YL-G1IVNfoo6TTOCgLvU)
25.8.2022, 16:23:51 - INFO - Server is running on port: 3030 
25.8.2022, 16:23:54 - DEBUG - Getting Stays (sid: Y2t72QcbCctKTmWgDtdqrzjbedDUzOW-)
25.8.2022, 16:24:05 - DEBUG - Getting Stays (sid: tB6OnAn-8V-X55C8REeMBtJq99lRDJTO)
25.8.2022, 16:26:41 - INFO - Server is running on port: 3030 
25.8.2022, 16:26:50 - DEBUG - Getting Stays (sid: kwNbPKw8BRJ04tACI4XPbMfcgtPKNcLR)
25.8.2022, 16:29:42 - INFO - Server is running on port: 3030 
25.8.2022, 16:29:49 - INFO - Server is running on port: 3030 
25.8.2022, 16:30:47 - DEBUG - Getting Stays (sid: JtLjkAEqqjnJhv4LCQlyX336SeOzwZ4t)
25.8.2022, 16:30:58 - DEBUG - Getting Stays (sid: 0LZjzB0pYn6mjzhLCZYxPhkJVrzndZa4)
25.8.2022, 16:31:05 - DEBUG - Getting Stays (sid: t3bl3FcJmZ4Cwmwm7OsF-aft-cV9k_Zw)
25.8.2022, 16:31:11 - DEBUG - Getting Stays (sid: cYNrRsgLrNQk9l_QL7a_N2jfHZUy8hAp)
25.8.2022, 16:31:19 - DEBUG - Getting Stays (sid: xcfxTzLHhkgwfuHRCVdgYnFWlm4pY0qW)
25.8.2022, 16:32:04 - DEBUG - Getting Stays (sid: t1ZJLcSi_ciZp_MtahZsu91bpz3J904m)
25.8.2022, 16:40:56 - DEBUG - Getting Stays (sid: 3U7i5PJ7aD_rIaIE34VcVlxUi6yTPp1H)
25.8.2022, 16:41:06 - DEBUG - Getting Stays (sid: kyouDwGRLIO5DY1k6eOBjUJNUF7db5VC)
25.8.2022, 16:41:16 - DEBUG - Getting Stays (sid: 0Wqhmp6NS1WRqOSwiOHOSz4Z7aiwce_S)
25.8.2022, 16:41:28 - DEBUG - Getting Stays (sid: U3HIV-egL5NqnEP9CMfpgSmRcESQXss-)
25.8.2022, 16:41:36 - DEBUG - Getting Stays (sid: QS7AejtQQFnLu5Pn6KY2tEDoyOMszgbj)
25.8.2022, 16:43:04 - DEBUG - Getting Stays (sid: kqVzwnUFIBl4RfDQcYtt1Pxa1muudiND)
25.8.2022, 16:43:11 - DEBUG - Getting Stays (sid: sJzBFO6eqIjF45pcMwgQxl_sCt5o--AW)
25.8.2022, 16:44:28 - DEBUG - Getting Stays (sid: JALwfewnpGSiX3qY2rhUVNI8Yyv9OTwJ)
25.8.2022, 16:45:23 - DEBUG - Getting Stays (sid: XMF5k50eeaHlGhwsgff7l5EgBZ4S3zw9)
25.8.2022, 16:45:36 - DEBUG - Getting Stays (sid: HoCR8BrTSqnC7QbZ43rp9quneI5uWZm3)
25.8.2022, 16:45:46 - DEBUG - Getting Stays (sid: zUmn5i_kVNng15qhlphooYpkQPZQlmGI)
25.8.2022, 16:45:57 - DEBUG - Getting Stays (sid: 1fVnmXgCe9ECXzcA3zRgtrx7Jq19CGka)
25.8.2022, 16:57:10 - DEBUG - Getting Stays (sid: jzuMA8gOneGkiN1-F-7caz7zJOP9XnlD)
25.8.2022, 16:58:14 - DEBUG - Getting Stays (sid: fr1RtSuBwNFwZEymrOCGtoYvqShuWKxv)
25.8.2022, 16:58:35 - DEBUG - Getting Stays (sid: 5G96ZuDEtfuB2CjyKEEcx-XnyQXh3ENK)
25.8.2022, 16:59:46 - INFO - Server is running on port: 3030 
25.8.2022, 16:59:50 - INFO - Server is running on port: 3030 
25.8.2022, 17:00:02 - DEBUG - Getting Stays (sid: JNqStauEaCDhT19yZT3tNeON-m6panS5)
25.8.2022, 17:04:42 - INFO - Server is running on port: 3030 
25.8.2022, 17:08:27 - INFO - Server is running on port: 3030 
25.8.2022, 17:08:43 - INFO - Server is running on port: 3030 
25.8.2022, 17:10:47 - INFO - Server is running on port: 3030 
25.8.2022, 17:11:16 - INFO - Server is running on port: 3030 
25.8.2022, 17:12:19 - INFO - Server is running on port: 3030 
25.8.2022, 17:13:13 - INFO - Server is running on port: 3030 
25.8.2022, 17:13:57 - INFO - Server is running on port: 3030 
25.8.2022, 17:14:11 - INFO - Server is running on port: 3030 
25.8.2022, 17:14:20 - INFO - Server is running on port: 3030 
25.8.2022, 17:14:30 - INFO - Server is running on port: 3030 
25.8.2022, 17:15:48 - INFO - Server is running on port: 3030 
25.8.2022, 17:21:34 - DEBUG - Getting Stays (sid: HsnoP43G3Ci4XyRBpkIwVksh7Zm39bH2)
25.8.2022, 17:22:09 - DEBUG - Getting Stays (sid: ppO1rWtVTfDuq0sP0jM3MQPJO-oTyokS)
25.8.2022, 17:22:59 - DEBUG - Getting Stays (sid: PPQJp3IVg6LXA44G_JVrRfYmtT5LVQTN)
25.8.2022, 17:24:17 - DEBUG - Getting Stays (sid: DBEok-EnVTL9BlJ1tIF9Pr8rZ1xBkcyz)
25.8.2022, 17:26:40 - ERROR - while finding stay total-stays | {} (sid: dRaogMqAX6zf1Krn1Jh_gcb3hZPPFvD8)
25.8.2022, 17:26:40 - ERROR - Failed to get stay | {} (sid: dRaogMqAX6zf1Krn1Jh_gcb3hZPPFvD8)
25.8.2022, 17:26:55 - ERROR - while finding stay total-stays | {} (sid: BraPlrBI6nfVxol5bBJ-tjLKZr3EH-hb)
25.8.2022, 17:26:55 - ERROR - Failed to get stay | {} (sid: BraPlrBI6nfVxol5bBJ-tjLKZr3EH-hb)
25.8.2022, 17:27:03 - DEBUG - Getting Stays (sid: Ynz04MYBWrEA11Q5lO5VC_jBvnbxr4xj)
25.8.2022, 17:27:03 - ERROR - while finding stay total-stays | {} (sid: WafegCEN8ROr3-oMVuAk0ZBrABD8oTxO)
25.8.2022, 17:27:03 - ERROR - Failed to get stay | {} (sid: WafegCEN8ROr3-oMVuAk0ZBrABD8oTxO)
25.8.2022, 17:27:57 - DEBUG - Getting Stays (sid: _OPXDrtIy1HNm_CultcYKWCPMwi8wDFG)
25.8.2022, 17:27:57 - ERROR - while finding stay total-stays | {} (sid: 46kl5-wljjp8KxZIhJdIZS89IKiCus3_)
25.8.2022, 17:27:57 - ERROR - Failed to get stay | {} (sid: 46kl5-wljjp8KxZIhJdIZS89IKiCus3_)
25.8.2022, 17:28:12 - DEBUG - Getting Stays (sid: 0LSibOZIO_FNFaEBVijDOc1B0xa2hyII)
25.8.2022, 17:28:12 - ERROR - while finding stay total-stays | {} (sid: VfWCBWNFu5T9ifGH0GinWL07PAuhj8WR)
25.8.2022, 17:28:12 - ERROR - Failed to get stay | {} (sid: VfWCBWNFu5T9ifGH0GinWL07PAuhj8WR)
25.8.2022, 17:30:07 - INFO - Server is running on port: 3030 
25.8.2022, 17:30:13 - DEBUG - Getting Stays (sid: b3qhpgQd7nTIVk6jkxqMNLkdRg57Ikj3)
25.8.2022, 17:30:15 - ERROR - while finding stay total-stays | {} (sid: CG2qxdeV7FHLoL0hZ5ZuYvatABavcmdA)
25.8.2022, 17:30:15 - ERROR - Failed to get stay | {} (sid: CG2qxdeV7FHLoL0hZ5ZuYvatABavcmdA)
25.8.2022, 17:31:48 - DEBUG - Getting Stays (sid: u1IASCMYBYMlvdu9eE3BTjk4r0Ve4sOx)
25.8.2022, 17:31:59 - INFO - Server is running on port: 3030 
25.8.2022, 17:32:04 - INFO - Server is running on port: 3030 
25.8.2022, 17:32:40 - INFO - Server is running on port: 3030 
25.8.2022, 17:33:35 - DEBUG - Getting Stays (sid: 4Q1YJN14uEGZBKj41_dC9-PQYuqNCotC)
25.8.2022, 17:33:42 - DEBUG - Getting Stays (sid: jD3G0rcvLr7EhcV9UWYzTENnynSJ4UWe)
25.8.2022, 17:33:52 - DEBUG - Getting Stays (sid: CdfVN69aAWw6vqzaA4FnKAHDXKj7PtWU)
25.8.2022, 17:34:48 - DEBUG - Getting Stays (sid: A53LryGrJ0x4MOQn3i3-RfYuMC_Oc3O4)
25.8.2022, 17:35:13 - DEBUG - Getting Stays (sid: 6xfooCBSiU2GkjQAIUX59AwB0B8gIAdt)
25.8.2022, 17:35:57 - DEBUG - Getting Stays (sid: Oj2dxHBaoTOc6HJfHUGgMhU7nGUEf5Tt)
25.8.2022, 17:36:10 - DEBUG - Getting Stays (sid: 4dtxOGmN-BKpbhmq2mVXvl6qeADhLaoT)
25.8.2022, 17:36:23 - DEBUG - Getting Stays (sid: BBBL95Spxd1B_liU68EqyNMUQ2Mreiuk)
25.8.2022, 17:36:55 - DEBUG - Getting Stays (sid: Drut8eXLh4X2B2bifyAseYWNyqNWSWWE)
25.8.2022, 17:37:44 - DEBUG - Getting Stays (sid: AbEVop4m3gbfmzBXA-F-gRw_cRKc4oYi)
25.8.2022, 17:38:27 - DEBUG - Getting Stays (sid: lDI9kN_KOs9HHGorGXBhSmrELb-F2-TH)
25.8.2022, 17:40:57 - DEBUG - Getting Stays (sid: F3p1_2DuLRzyNuf0OUrtnuE2ZZZ2sI02)
25.8.2022, 17:41:02 - DEBUG - Getting Stays (sid: DF0EqQx2jb8CoO4nvTdbzjQSHue2hk8-)
25.8.2022, 17:41:15 - DEBUG - Getting Stays (sid: 0HHPxnMiuP5ji5v93GyaAUDAA2aOrV6K)
25.8.2022, 17:45:00 - DEBUG - Getting Stays (sid: J6mnOkxOwhgomtnmsmU-hFZ4MGk-Kfmx)
25.8.2022, 17:45:22 - DEBUG - Getting Stays (sid: BhhH7CDIfFRp8Hw-PnhjgcCyd4Xo2GYI)
25.8.2022, 17:46:31 - DEBUG - Getting Stays (sid: nwhspE0LpWEFZs1JXeXpbzBNqPiUKZLO)
25.8.2022, 17:46:40 - DEBUG - Getting Stays (sid: K4KspAZCi1tXkhNgPDc54CAegGFjK4Wo)
25.8.2022, 17:47:16 - DEBUG - Getting Stays (sid: qvNRgQc66S87kqf5_4AEjhdHQqEPKv7p)
25.8.2022, 17:47:23 - DEBUG - Getting Stays (sid: iZzvMB5Wolh2psN3SZTiIbfxMFx_GzXt)
25.8.2022, 17:48:52 - DEBUG - Getting Stays (sid: ICuQrUAN3AZUZKn4Jl9UmrNJJ-eoSPaW)
25.8.2022, 17:49:18 - DEBUG - Getting Stays (sid: -k3vQszM7NwhTtD7QbOVv1t3DLgMwjOD)
25.8.2022, 17:50:02 - DEBUG - Getting Stays (sid: yp15XQkauL0xacQVJAwdHt5J5-tunHou)
25.8.2022, 17:52:20 - DEBUG - Getting Stays (sid: 0hzDQmBo5664fii75hNEA5vYKo4JxwNJ)
25.8.2022, 17:52:51 - DEBUG - Getting Stays (sid: mS-uujPx4t4GKelZmJvP4nW8xBeEfU9m)
25.8.2022, 17:54:02 - DEBUG - Getting Stays (sid: SQfyioCe2CPtap5Wz28rnfxGgl5iGeJl)
25.8.2022, 17:54:42 - DEBUG - Getting Stays (sid: p6UqDPuo5sfm_s8jMaJRkK2lXOb_40SM)
25.8.2022, 17:56:16 - DEBUG - Getting Stays (sid: tF84tBEwPVvq5gfggR6wHNAQ8qa8NYgw)
25.8.2022, 17:58:30 - DEBUG - Getting Stays (sid: VvHl0uoGE2ds2V4hqfzvW92KbSTOccz5)
25.8.2022, 18:00:02 - DEBUG - Getting Stays (sid: N-9e32aBBS_1_LPUz5ZHpwIPSIcOOwnY)
25.8.2022, 18:00:50 - DEBUG - Getting Stays (sid: J_paC_blZ_RE7ZZQR_6B4EMSLooCzU7_)
25.8.2022, 18:02:38 - DEBUG - Getting Stays (sid: gRbjj3Yg0BjMff0YRdjHt_M3s-0-aE-I)
25.8.2022, 18:03:04 - DEBUG - Getting Stays (sid: DaCTkbM8YRDJxIqk2b_N7pNbEb8Z3rbQ)
25.8.2022, 18:04:57 - DEBUG - Getting Stays (sid: rtLfQnAfXZ5fM52O1QDKMB165IK7Xqgr)
25.8.2022, 18:05:11 - DEBUG - Getting Stays (sid: B17gQhfoBGF7sbITF6vAhZHr1RchIxR5)
25.8.2022, 18:05:29 - DEBUG - Getting Stays (sid: g6tDYpXGRtEwzWx7s3gk9j4iNgcBYheL)
25.8.2022, 18:06:11 - DEBUG - Getting Stays (sid: w-4xsKBgMo1bSQ-RJR1uil9btzPQ4R0v)
25.8.2022, 18:06:38 - DEBUG - Getting Stays (sid: oPMSSqOq6WV260xvMogXVRw3Wk2EGFHe)
25.8.2022, 18:07:32 - DEBUG - Getting Stays (sid: dc4wqVNSdFLQdTpMWlbmTUxDacieLfxd)
25.8.2022, 18:07:42 - DEBUG - Getting Stays (sid: YAliV7TYYqP7eCP7ifduyEvn--mNPEVL)
25.8.2022, 18:08:19 - DEBUG - Getting Stays (sid: STQZK1afS_VS9LC9gZYGf-lN2fb3kVlq)
25.8.2022, 18:08:30 - DEBUG - Getting Stays (sid: hy68nLT6ob1j7198ZLj_gIoWtwYErzNT)
25.8.2022, 18:16:00 - DEBUG - Getting Stays (sid: pYSPV0_Rxh1oQJPWXELg-xIxpoyNrRzq)
25.8.2022, 18:18:58 - DEBUG - Getting Stays (sid: 356SutRam4coVAlAhqZGLpqGQYdHKNz4)
25.8.2022, 18:19:19 - DEBUG - Getting Stays (sid: ewu-rKeNTw67HTAHb2yPVypuS3Cueetm)
25.8.2022, 18:22:14 - DEBUG - Getting Stays (sid: W5rRSWzZpl1OxrR_rsYO9uplSrY1izBr)
25.8.2022, 18:22:49 - DEBUG - Getting Stays (sid: ZggcPekuEHzSzQhXwpb6Cq2LbGn5tGAw)
25.8.2022, 18:23:03 - DEBUG - Getting Stays (sid: FD-bDj_mSBBEs-tTIh9aCHxbD_XisQQA)
25.8.2022, 18:38:21 - DEBUG - Getting Stays (sid: eCuf2ifX2BLfaZDXIIswAqryY01Rau72)
25.8.2022, 19:09:52 - DEBUG - Getting Stays (sid: P_d5de52fZ1LeZoUiPZRNVF2GartVKXz)
25.8.2022, 19:11:50 - DEBUG - Getting Stays (sid: PTN-uen_vDctV5iI7JTJiYr8Uc1Rt26I)
25.8.2022, 19:13:12 - DEBUG - Getting Stays (sid: -jxs6HorF9By20mmIaCgW2NFiS4ymW2Z)
25.8.2022, 19:19:17 - DEBUG - Getting Stays (sid: 28Za4O6_rEA57dV8FjLotxwsD5je6S69)
25.8.2022, 19:19:55 - DEBUG - Getting Stays (sid: GP9OeUg7rcZMr0pTgIQXjM0MHY80Al0J)
25.8.2022, 19:20:06 - DEBUG - Getting Stays (sid: jWItYTZbfz1DHxfCLTTIcsmqe8zdbsB-)
25.8.2022, 19:23:45 - DEBUG - Getting Stays (sid: uIBV0GGQr0jmnsacKE--5jNsx4i55Nkm)
25.8.2022, 19:24:01 - DEBUG - Getting Stays (sid: 734mPCjU_XFJmMqzff5BvAsTTA3gwwFM)
25.8.2022, 19:24:09 - DEBUG - Getting Stays (sid: OfixXG-OxN_sQLWT9AGFTHqb2pwJk4WZ)
25.8.2022, 19:31:00 - DEBUG - Getting Stays (sid: h5yggx7GWA4V4O_nnlPP-E17GtfuTtat)
25.8.2022, 19:31:20 - DEBUG - Getting Stays (sid: AYGu5-Epipdhi5HjS93gCNFD-G8qwaSN)
25.8.2022, 19:31:32 - DEBUG - Getting Stays (sid: fpjTDP-LA-Ao9tKgyK0SFdTcEBzAkZlG)
25.8.2022, 19:31:45 - DEBUG - Getting Stays (sid: vQFEUWcbRMRPxkwTQphy1Ij04Kk6YC9N)
25.8.2022, 19:44:27 - DEBUG - Getting Stays (sid: HVUn1S2kAsqrmKwhsAHoTZFJrJqaiZXG)
25.8.2022, 19:50:58 - DEBUG - Getting Stays (sid: 9s5mcqO5vXuyk0Cj1Mf9NJlBJ2-yMZdH)
25.8.2022, 19:52:44 - DEBUG - Getting Stays (sid: q1ulRIJcFnJBK_zs3ktk16pJoHPKaDvx)
25.8.2022, 19:52:45 - DEBUG - Getting Stays (sid: hVKqQLb1pDFkQUWIrAh6o5yETy4MxtEW)
25.8.2022, 19:52:46 - DEBUG - Getting Stays (sid: W2DHq9xTtaazL1gsRHBzwH04NR1nUdfq)
25.8.2022, 19:52:46 - DEBUG - Getting Stays (sid: 8ccuUcIqPwMjWo2XLbcXi-97RnOd_19o)
25.8.2022, 19:53:23 - DEBUG - Getting Stays (sid: rgOL5aApLwFCZ9HEISaYJYWW2I-pHfqn)
25.8.2022, 19:53:58 - DEBUG - Getting Stays (sid: DEJIC39I3gE7vjNga63VteUqODFTWFzJ)
25.8.2022, 19:54:19 - DEBUG - Getting Stays (sid: Q2w9r5VZNSi9Wv2Am69VM5wdAQNYHnd_)
25.8.2022, 20:03:41 - DEBUG - Getting Stays (sid: MMsUpP2O6pIMsoRzvF7dbhLDaNeZSCm0)
25.8.2022, 20:05:31 - DEBUG - Getting Stays (sid: 4veZkr8hEQ2cL9ZHU0yp1g5hfyVn7tB_)
25.8.2022, 20:05:58 - DEBUG - Getting Stays (sid: etiWohU6DGhHqRgxP9AOZlay-2Zbgh2h)
25.8.2022, 20:06:32 - DEBUG - Getting Stays (sid: bV1ttWDOLabdLH8zuYiEZESnk0Xs2l96)
25.8.2022, 20:06:55 - DEBUG - Getting Stays (sid: FfzbyrD0STdi-F6ka3Ex323QFlXqoEur)
25.8.2022, 20:07:05 - DEBUG - Getting Stays (sid: IsaJmZnQTlDjVI2aN1D8HjMUYI2dtzke)
25.8.2022, 20:07:11 - DEBUG - Getting Stays (sid: kYJoc8xRIQunfoss0XPJzFJxmADFr4oC)
25.8.2022, 20:07:22 - DEBUG - Getting Stays (sid: hLeI6yIAeIHpRsa9oiFrte-pWnPRBX9Q)
25.8.2022, 20:07:54 - DEBUG - Getting Stays (sid: HzKJEoK2tpFlgeoQyp_Kbb5PKHZFQnvd)
25.8.2022, 20:08:01 - DEBUG - Getting Stays (sid: xRj2kAd5f_K6dUsQM4_rBjHqZrRFd4Hc)
25.8.2022, 20:08:58 - DEBUG - Getting Stays (sid: hxFi0i3qXdYgMFynz-bIm-tjw6gT4AUo)
25.8.2022, 20:09:38 - DEBUG - Getting Stays (sid: Pi3LzkrGge_sE9or5RefNF6ipTJejL3u)
25.8.2022, 20:10:27 - DEBUG - Getting Stays (sid: MrMRObFxA7LnvL3-H8SQbk9VcHjK5ofM)
25.8.2022, 20:10:46 - DEBUG - Getting Stays (sid: Q8LMlM71hBSYELwYM092F0os4a3GV3Xq)
25.8.2022, 20:13:07 - DEBUG - Getting Stays (sid: T7xKGu2R5XIAZV2geW6gdMLFXEbTYQOv)
25.8.2022, 20:13:25 - DEBUG - Getting Stays (sid: q0vHZ3PSkHqunw_HZxoWSBhpIZCQf9rx)
25.8.2022, 20:13:54 - DEBUG - Getting Stays (sid: lzyva6Nk2qelsDFZrISJKHNIaOw4sWo-)
25.8.2022, 20:14:00 - DEBUG - Getting Stays (sid: u32Y5fT7qMhfkJy6MFVoG6WyK7g6z93i)
25.8.2022, 20:14:10 - DEBUG - Getting Stays (sid: xXkkJovKVTWL7xV4-0hYZV2Bb_SDOT4J)
25.8.2022, 20:15:01 - DEBUG - Getting Stays (sid: 3zn00oh0VYvyS9gl6nD2Z7GMfirlSlEx)
25.8.2022, 20:15:21 - DEBUG - Getting Stays (sid: t1AJVdHrIpYobxqw0aeCmVyGQYn9_0uf)
25.8.2022, 20:15:52 - DEBUG - Getting Stays (sid: hi1x__Ll-4NPEk1-zqTCqP1n4iuMXu_0)
25.8.2022, 20:52:43 - DEBUG - Getting Stays (sid: Lg6vvTJE03IEn_mhAZO5ItCEJtIr8UjF)
25.8.2022, 20:53:42 - DEBUG - Getting Stays (sid: C7l0nn8cI60sCLpqjKFCL61524glep0j)
25.8.2022, 20:53:51 - DEBUG - Getting Stays (sid: hioNJh0uHzLqq_pwhEUMFaxqqdEy5tC8)
25.8.2022, 21:01:35 - DEBUG - Getting Stays (sid: 70kzbqbUhUUetC1i8MzHIAM1nl9jGAkz)
25.8.2022, 21:15:07 - DEBUG - Getting Stays (sid: sKUDV9uCROIXrV077GcxB8_18r2Ly_aS)
25.8.2022, 21:16:50 - DEBUG - Getting Stays (sid: xRky2RefStdMsD0GuL1ontwOeogBj5xu)
25.8.2022, 21:35:18 - DEBUG - Getting Stays (sid: QRAimgLmQCfRRpPWPrklNUpDyCsrnrK2)
25.8.2022, 21:37:15 - DEBUG - Getting Stays (sid: QayDwcjkcVdRbbaaWqn1tK5EIxuc1ALm)
25.8.2022, 21:39:06 - DEBUG - Getting Stays (sid: teMnXGJfBpgBBYHzSUhepqaZqE-qvgT1)
25.8.2022, 21:39:24 - DEBUG - Getting Stays (sid: uakVn6rDPFzDknTQyg9WliNfOXZ2gouD)
25.8.2022, 21:42:13 - DEBUG - Getting Stays (sid: X1BfsBZT-f2_5lX4QwCffkcRiQP6gUmH)
25.8.2022, 21:44:38 - DEBUG - Getting Stays (sid: lWsht5CI8tgdFm6lWmS8_J2k8hT9VsQ6)
25.8.2022, 21:49:23 - DEBUG - Getting Stays (sid: n21qHblvL7a5fR63c5JRw_zL9mwUHFoL)
25.8.2022, 21:49:39 - DEBUG - Getting Stays (sid: 4Hh86oT03XPiKDp1pmKJ15L_v52aePZQ)
25.8.2022, 21:53:13 - DEBUG - Getting Stays (sid: 7gaXRJ5w0sd7jDPKpmr6g2TgCMe2L8FO)
25.8.2022, 21:56:33 - DEBUG - Getting Stays (sid: ZVkZyde2OPsSujdgwP3jV4cJ9tin43pC)
